Build 568 nightly Wed Jun 18 2008 04:48:38PM
logfile opened on Sun Apr 19 23:00:14 2020

Waited 46 msec for asset 'vehicle_80s_sedan1_red_destroyed' of type 'xmodel'.
      dvar set scr_allies usmc
      dvar set scr_axis arab
      dvar set bg_bobMax 0
      dvar set player_sustainAmmo 0
      dvar set player_throwbackInnerRadius 0
      dvar set player_throwbackOuterRadius 0
      dvar set loc_warnings 0
      dvar set class_assault_limit 64
      dvar set class_specops_limit 64
      dvar set class_demolitions_limit 1
      dvar set class_sniper_limit 1
      dvar set class_assault_allowdrop 1
      dvar set class_specops_allowdrop 1
      dvar set class_demolitions_allowdrop 0
      dvar set class_sniper_allowdrop 0
      dvar set weap_allow_m16 1
      dvar set weap_allow_ak47 1
      dvar set weap_allow_m4 1
      dvar set weap_allow_g3 1
      dvar set weap_allow_g36c 1
      dvar set weap_allow_m14 1
      dvar set weap_allow_mp44 1
      dvar set attach_allow_assault_none 1
      dvar set attach_allow_assault_silencer 1
      dvar set weap_allow_mp5 1
      dvar set weap_allow_uzi 1
      dvar set weap_allow_ak74u 1
      dvar set attach_allow_specops_none 1
      dvar set attach_allow_specops_silencer 1
      dvar set weap_allow_m1014 1
      dvar set weap_allow_winchester1200 1
      dvar set weap_allow_m40a3 1
      dvar set weap_allow_remington700 1
      dvar set weap_allow_beretta 1
      dvar set weap_allow_colt45 1
      dvar set weap_allow_usp 1
      dvar set weap_allow_deserteagle 1
      dvar set weap_allow_deserteaglegold 1
      dvar set attach_allow_pistol_none 1
      dvar set attach_allow_pistol_silencer 1
      dvar set weap_allow_frag_grenade 0
      dvar set weap_allow_flash_grenade 0
      dvar set weap_allow_smoke_grenade 0
      dvar set class_assault_primary ak47
      dvar set class_assault_primary_attachment none
      dvar set class_assault_secondary deserteagle
      dvar set class_assault_secondary_attachment none
      dvar set class_assault_grenade none
      dvar set class_assault_camo camo_none
      dvar set class_specops_primary ak74u
      dvar set class_specops_primary_attachment none
      dvar set class_specops_secondary deserteagle
      dvar set class_specops_secondary_attachment none
      dvar set class_specops_grenade none
      dvar set class_specops_camo camo_none
      dvar set class_demolitions_primary winchester1200
      dvar set class_demolitions_primary_attachment none
      dvar set class_demolitions_secondary deserteagle
      dvar set class_demolitions_secondary_attachment none
      dvar set class_demolitions_grenade none
      dvar set class_demolitions_camo camo_none
      dvar set class_sniper_primary m40a3
      dvar set class_sniper_primary_attachment none
      dvar set class_sniper_secondary deserteagle
      dvar set class_sniper_secondary_attachment none
      dvar set class_sniper_grenade none
      dvar set class_sniper_camo camo_none
      dvar set scr_enable_hiticon 2
      dvar set scr_enable_scoretext 1
      dvar set sv_hostname CoD4Host
      dvar set g_allowvote 0
frag_grenade_mp: WEAPON_FRAGGRENADE
frag_grenade_short_mp: WEAPON_FRAGGRENADE
smoke_grenade_mp: WEAPON_SMOKEGRENADE
flash_grenade_mp: WEAPON_FLASHGRENADE
      dvar set bg_shock_screenType blurred
      dvar set bg_shock_screenBlurBlendTime 0.4
      dvar set bg_shock_screenBlurBlendFadeTime 1
      dvar set bg_shock_screenFlashWhiteFadeTime 1
      dvar set bg_shock_screenFlashShotFadeTime 1
      dvar set bg_shock_viewKickPeriod 0.75
      dvar set bg_shock_viewKickRadius 0.05
      dvar set bg_shock_viewKickFadeTime 3
      dvar set bg_shock_soundLoop shellshock_loop
      dvar set bg_shock_soundLoopSilent shellshock_loop_silent
      dvar set bg_shock_soundEnd shellshock_end
      dvar set bg_shock_soundEndAbort shellshock_end_abort
      dvar set bg_shock_sound 1
      dvar set bg_shock_soundFadeInTime 0.25
      dvar set bg_shock_soundFadeOutTime 2.5
      dvar set bg_shock_soundLoopFadeTime 1.5
      dvar set bg_shock_soundLoopEndDelay -3
      dvar set bg_shock_soundRoomType generic
      dvar set bg_shock_soundDryLevel 1
      dvar set bg_shock_soundWetLevel 0.5
      dvar set bg_shock_soundModEndDelay 2
      dvar set bg_shock_lookControl 1
      dvar set bg_shock_lookControl_maxpitchspeed 90
      dvar set bg_shock_lookControl_maxyawspeed 90
      dvar set bg_shock_lookControl_mousesensitivityscale 0.5
      dvar set bg_shock_lookControl_fadeTime 2
      dvar set bg_shock_movement 1
      dvar set bg_shock_volume_physics 0.5
      dvar set bg_shock_volume_auto 0.5
      dvar set bg_shock_volume_auto2 0.5
      dvar set bg_shock_volume_autodog 0.5
      dvar set bg_shock_volume_bulletimpact 0.5
      dvar set bg_shock_volume_bulletwhizby 0.5
      dvar set bg_shock_volume_element 0.5
      dvar set bg_shock_volume_auto2d 0.5
      dvar set bg_shock_volume_vehicle 0.5
      dvar set bg_shock_volume_vehiclelimited 0.5
      dvar set bg_shock_volume_menu 0.5
      dvar set bg_shock_volume_body 0.5
      dvar set bg_shock_volume_body2d 0.5
      dvar set bg_shock_volume_reload 0.5
      dvar set bg_shock_volume_reload2d 0.5
      dvar set bg_shock_volume_item 0.5
      dvar set bg_shock_volume_effects1 0.5
      dvar set bg_shock_volume_effects2 0.5
      dvar set bg_shock_volume_weapon 0.5
      dvar set bg_shock_volume_weapon2d 0.5
      dvar set bg_shock_volume_nonshock 0.5
      dvar set bg_shock_volume_voice 0.5
      dvar set bg_shock_volume_local 0.5
      dvar set bg_shock_volume_local2 0.5
      dvar set bg_shock_volume_ambient 0.5
      dvar set bg_shock_volume_hurt 0.5
      dvar set bg_shock_volume_player1 0.5
      dvar set bg_shock_volume_player2 0.5
      dvar set bg_shock_volume_music 0.5
      dvar set bg_shock_volume_musicnopause 0.5
      dvar set bg_shock_volume_mission 0.5
      dvar set bg_shock_volume_announcer 0.5
      dvar set bg_shock_volume_shellshock 0.5
      dvar set bg_shock_screenType blurred
      dvar set bg_shock_screenBlurBlendTime 0.4
      dvar set bg_shock_screenBlurBlendFadeTime 1
      dvar set bg_shock_screenFlashWhiteFadeTime 0
      dvar set bg_shock_screenFlashShotFadeTime 0
      dvar set bg_shock_viewKickPeriod 0.75
      dvar set bg_shock_viewKickRadius 0.05
      dvar set bg_shock_viewKickFadeTime 3
      dvar set bg_shock_sound 1
      dvar set bg_shock_soundLoop shellshock_loop
      dvar set bg_shock_soundLoopSilent shellshock_loop_silent
      dvar set bg_shock_soundEnd shellshock_end
      dvar set bg_shock_soundEndAbort shellshock_end_abort
      dvar set bg_shock_soundFadeInTime 0.25
      dvar set bg_shock_soundFadeOutTime 2.5
      dvar set bg_shock_soundLoopFadeTime 2
      dvar set bg_shock_soundLoopEndDelay -1.5
      dvar set bg_shock_soundRoomType underwater
      dvar set bg_shock_soundDryLevel 1
      dvar set bg_shock_soundWetLevel 0.5
      dvar set bg_shock_soundModEndDelay -0.75
      dvar set bg_shock_volume_physics 0.1
      dvar set bg_shock_volume_auto 0.1
      dvar set bg_shock_volume_auto2 0.1
      dvar set bg_shock_volume_autodog 0.1
      dvar set bg_shock_volume_bulletimpact 0.1
      dvar set bg_shock_volume_bulletwhizby 0.1
      dvar set bg_shock_volume_element 0.1
      dvar set bg_shock_volume_auto2d 0.1
      dvar set bg_shock_volume_vehicle 0.1
      dvar set bg_shock_volume_vehiclelimited 0.1
      dvar set bg_shock_volume_menu 1
      dvar set bg_shock_volume_body 0.1
      dvar set bg_shock_volume_body2d 0.1
      dvar set bg_shock_volume_reload 0.1
      dvar set bg_shock_volume_reload2d 0.1
      dvar set bg_shock_volume_item 0.1
      dvar set bg_shock_volume_effects1 0.1
      dvar set bg_shock_volume_effects2 0.1
      dvar set bg_shock_volume_weapon 0.5
      dvar set bg_shock_volume_weapon2d 0.1
      dvar set bg_shock_volume_nonshock 0.5
      dvar set bg_shock_volume_voice 0.2
      dvar set bg_shock_volume_local 0.1
      dvar set bg_shock_volume_local2 0.1
      dvar set bg_shock_volume_ambient 0.1
      dvar set bg_shock_volume_hurt 0.1
      dvar set bg_shock_volume_player1 0.1
      dvar set bg_shock_volume_player2 0.1
      dvar set bg_shock_volume_music 0.1
      dvar set bg_shock_volume_musicnopause 0.1
      dvar set bg_shock_volume_mission 0.2
      dvar set bg_shock_volume_announcer 1
      dvar set bg_shock_volume_shellshock 1
      dvar set bg_shock_lookControl 1
      dvar set bg_shock_lookControl_maxpitchspeed 45
      dvar set bg_shock_lookControl_maxyawspeed 45
      dvar set bg_shock_lookControl_mousesensitivityscale 0.5
      dvar set bg_shock_lookControl_fadeTime 2
      dvar set bg_shock_movement 1
      dvar set bg_shock_screenType blurred
      dvar set bg_shock_screenBlurBlendTime 0.4
      dvar set bg_shock_screenBlurBlendFadeTime 1
      dvar set bg_shock_screenFlashWhiteFadeTime 1
      dvar set bg_shock_screenFlashShotFadeTime 1
      dvar set bg_shock_viewKickPeriod 0.75
      dvar set bg_shock_viewKickRadius 0.05
      dvar set bg_shock_viewKickFadeTime 3
      dvar set bg_shock_soundLoop shellshock_loop
      dvar set bg_shock_soundLoopSilent shellshock_loop_silent
      dvar set bg_shock_soundEnd shellshock_end
      dvar set bg_shock_soundEndAbort shellshock_end_abort
      dvar set bg_shock_sound 1
      dvar set bg_shock_soundFadeInTime 0.25
      dvar set bg_shock_soundFadeOutTime 2.5
      dvar set bg_shock_soundLoopFadeTime 1.5
      dvar set bg_shock_soundLoopEndDelay -3
      dvar set bg_shock_soundRoomType generic
      dvar set bg_shock_soundDryLevel 1
      dvar set bg_shock_soundWetLevel 0.5
      dvar set bg_shock_soundModEndDelay 2
      dvar set bg_shock_lookControl 1
      dvar set bg_shock_lookControl_maxpitchspeed 90
      dvar set bg_shock_lookControl_maxyawspeed 90
      dvar set bg_shock_lookControl_mousesensitivityscale 0.5
      dvar set bg_shock_lookControl_fadeTime 2
      dvar set bg_shock_movement 1
      dvar set bg_shock_volume_physics 0.5
      dvar set bg_shock_volume_auto 0.5
      dvar set bg_shock_volume_auto2 0.5
      dvar set bg_shock_volume_autodog 0.5
      dvar set bg_shock_volume_bulletimpact 0.5
      dvar set bg_shock_volume_bulletwhizby 0.5
      dvar set bg_shock_volume_element 0.5
      dvar set bg_shock_volume_auto2d 0.5
      dvar set bg_shock_volume_vehicle 0.5
      dvar set bg_shock_volume_vehiclelimited 0.5
      dvar set bg_shock_volume_menu 0.5
      dvar set bg_shock_volume_body 0.5
      dvar set bg_shock_volume_body2d 0.5
      dvar set bg_shock_volume_reload 0.5
      dvar set bg_shock_volume_reload2d 0.5
      dvar set bg_shock_volume_item 0.5
      dvar set bg_shock_volume_effects1 0.5
      dvar set bg_shock_volume_effects2 0.5
      dvar set bg_shock_volume_weapon 0.5
      dvar set bg_shock_volume_weapon2d 0.5
      dvar set bg_shock_volume_nonshock 0.5
      dvar set bg_shock_volume_voice 0.5
      dvar set bg_shock_volume_local 0.5
      dvar set bg_shock_volume_local2 0.5
      dvar set bg_shock_volume_ambient 0.5
      dvar set bg_shock_volume_hurt 0.5
      dvar set bg_shock_volume_player1 0.5
      dvar set bg_shock_volume_player2 0.5
      dvar set bg_shock_volume_music 0.5
      dvar set bg_shock_volume_musicnopause 0.5
      dvar set bg_shock_volume_mission 0.5
      dvar set bg_shock_volume_announcer 0.5
      dvar set bg_shock_volume_shellshock 0.5
      dvar set bg_shock_screenType flashed
      dvar set bg_shock_screenBlurBlendTime 0.4
      dvar set bg_shock_screenBlurBlendFadeTime 1
      dvar set bg_shock_screenFlashWhiteFadeTime 3.5
      dvar set bg_shock_screenFlashShotFadeTime 1
      dvar set bg_shock_viewKickPeriod 0.75
      dvar set bg_shock_viewKickRadius 0.05
      dvar set bg_shock_viewKickFadeTime 3
      dvar set bg_shock_sound 1
      dvar set bg_shock_soundLoop flashbang_tinnitus_loop
      dvar set bg_shock_soundLoopSilent flashbang_tinnitus_loop_silent
      dvar set bg_shock_soundEnd flashbang_tinnitus_end
      dvar set bg_shock_soundEndAbort flashbang_tinnitus_abort
      dvar set bg_shock_soundFadeInTime 0.25
      dvar set bg_shock_soundFadeOutTime 2
      dvar set bg_shock_soundModEndDelay 1.5
      dvar set bg_shock_soundLoopFadeTime 2
      dvar set bg_shock_soundLoopEndDelay 2
      dvar set bg_shock_soundRoomType underwater
      dvar set bg_shock_soundDryLevel 0.6
      dvar set bg_shock_soundWetLevel 0.8
      dvar set bg_shock_volume_physics 0.05
      dvar set bg_shock_volume_auto 0.05
      dvar set bg_shock_volume_auto2 0.05
      dvar set bg_shock_volume_autodog 0.05
      dvar set bg_shock_volume_bulletimpact 0.05
      dvar set bg_shock_volume_bulletwhizby 0.05
      dvar set bg_shock_volume_element 0.05
      dvar set bg_shock_volume_auto2d 0.05
      dvar set bg_shock_volume_vehicle 0.05
      dvar set bg_shock_volume_vehiclelimited 0.05
      dvar set bg_shock_volume_menu 1
      dvar set bg_shock_volume_body 0.05
      dvar set bg_shock_volume_body2d 0.05
      dvar set bg_shock_volume_reload 0.05
      dvar set bg_shock_volume_reload2d 0.05
      dvar set bg_shock_volume_item 0.05
      dvar set bg_shock_volume_effects1 0.05
      dvar set bg_shock_volume_effects2 0.05
      dvar set bg_shock_volume_weapon 0.1
      dvar set bg_shock_volume_weapon2d 0.05
      dvar set bg_shock_volume_nonshock 1
      dvar set bg_shock_volume_voice 0.05
      dvar set bg_shock_volume_local 0.05
      dvar set bg_shock_volume_local2 0.05
      dvar set bg_shock_volume_ambient 1
      dvar set bg_shock_volume_hurt 0.3
      dvar set bg_shock_volume_player1 0.3
      dvar set bg_shock_volume_player2 0.3
      dvar set bg_shock_volume_music 0.3
      dvar set bg_shock_volume_musicnopause 0.3
      dvar set bg_shock_volume_mission 0.05
      dvar set bg_shock_volume_announcer 1
      dvar set bg_shock_volume_shellshock 1
      dvar set bg_shock_lookControl 0
      dvar set bg_shock_lookControl_maxpitchspeed 90
      dvar set bg_shock_lookControl_maxyawspeed 90
      dvar set bg_shock_lookControl_mousesensitivityscale 0.5
      dvar set bg_shock_lookControl_fadeTime 2
      dvar set bg_shock_movement 0
      dvar set g_TeamIcon_Allies faction_128_usmc
      dvar set g_TeamColor_Allies 0.6 0.639216 0.690196 0
      dvar set g_ScoresColor_Allies 0.6 0.639216 0.690196 0
      dvar set g_TeamIcon_Axis faction_128_arab
      dvar set g_TeamColor_Axis 0.65098 0.568627 0.411765 0
      dvar set g_ScoresColor_Axis 0.65098 0.568627 0.411765 0
      dvar set g_TeamName_Allies Attack
      dvar set g_TeamName_Axis Defence
      dvar set g_ScoresColor_Spectator 0.25098 0.25098 0.25098 0
      dvar set g_ScoresColor_Free 0.760784 0.780392 0.101961 0
      dvar set g_TeamColor_MyTeam 0.6 0.8 0.6 0
      dvar set g_TeamColor_EnemyTeam 1 0.45098 0.501961 0
      dvar set bg_shock_screenType blurred
      dvar set bg_shock_screenBlurBlendTime 0.4
      dvar set bg_shock_screenBlurBlendFadeTime 1
      dvar set bg_shock_screenFlashWhiteFadeTime 1
      dvar set bg_shock_screenFlashShotFadeTime 1
      dvar set bg_shock_viewKickPeriod 0.75
      dvar set bg_shock_viewKickRadius 0.05
      dvar set bg_shock_viewKickFadeTime 3
      dvar set bg_shock_soundLoop shellshock_loop
      dvar set bg_shock_soundLoopSilent shellshock_loop_silent
      dvar set bg_shock_soundEnd shellshock_end
      dvar set bg_shock_soundEndAbort shellshock_end_abort
      dvar set bg_shock_sound 1
      dvar set bg_shock_soundFadeInTime 0.25
      dvar set bg_shock_soundFadeOutTime 2.5
      dvar set bg_shock_soundLoopFadeTime 1.5
      dvar set bg_shock_soundLoopEndDelay -3
      dvar set bg_shock_soundRoomType generic
      dvar set bg_shock_soundDryLevel 1
      dvar set bg_shock_soundWetLevel 0.5
      dvar set bg_shock_soundModEndDelay 2
      dvar set bg_shock_lookControl 1
      dvar set bg_shock_lookControl_maxpitchspeed 90
      dvar set bg_shock_lookControl_maxyawspeed 90
      dvar set bg_shock_lookControl_mousesensitivityscale 0.5
      dvar set bg_shock_lookControl_fadeTime 2
      dvar set bg_shock_movement 1
      dvar set bg_shock_volume_physics 0.5
      dvar set bg_shock_volume_auto 0.5
      dvar set bg_shock_volume_auto2 0.5
      dvar set bg_shock_volume_autodog 0.5
      dvar set bg_shock_volume_bulletimpact 0.5
      dvar set bg_shock_volume_bulletwhizby 0.5
      dvar set bg_shock_volume_element 0.5
      dvar set bg_shock_volume_auto2d 0.5
      dvar set bg_shock_volume_vehicle 0.5
      dvar set bg_shock_volume_vehiclelimited 0.5
      dvar set bg_shock_volume_menu 0.5
      dvar set bg_shock_volume_body 0.5
      dvar set bg_shock_volume_body2d 0.5
      dvar set bg_shock_volume_reload 0.5
      dvar set bg_shock_volume_reload2d 0.5
      dvar set bg_shock_volume_item 0.5
      dvar set bg_shock_volume_effects1 0.5
      dvar set bg_shock_volume_effects2 0.5
      dvar set bg_shock_volume_weapon 0.5
      dvar set bg_shock_volume_weapon2d 0.5
      dvar set bg_shock_volume_nonshock 0.5
      dvar set bg_shock_volume_voice 0.5
      dvar set bg_shock_volume_local 0.5
      dvar set bg_shock_volume_local2 0.5
      dvar set bg_shock_volume_ambient 0.5
      dvar set bg_shock_volume_hurt 0.5
      dvar set bg_shock_volume_player1 0.5
      dvar set bg_shock_volume_player2 0.5
      dvar set bg_shock_volume_music 0.5
      dvar set bg_shock_volume_musicnopause 0.5
      dvar set bg_shock_volume_mission 0.5
      dvar set bg_shock_volume_announcer 0.5
      dvar set bg_shock_volume_shellshock 0.5
      dvar set bg_shock_screenType blurred
      dvar set bg_shock_screenBlurBlendTime 0.4
      dvar set bg_shock_screenBlurBlendFadeTime 1
      dvar set bg_shock_screenFlashWhiteFadeTime 0
      dvar set bg_shock_screenFlashShotFadeTime 0
      dvar set bg_shock_viewKickPeriod 0.75
      dvar set bg_shock_viewKickRadius 0.05
      dvar set bg_shock_viewKickFadeTime 1.5
      dvar set bg_shock_sound 0
      dvar set bg_shock_soundLoop shellshock_loop
      dvar set bg_shock_soundLoopSilent shellshock_loop_silent
      dvar set bg_shock_soundEnd shellshock_end
      dvar set bg_shock_soundEndAbort shellshock_end_abort
      dvar set bg_shock_soundFadeInTime 0.25
      dvar set bg_shock_soundFadeOutTime 2.5
      dvar set bg_shock_soundLoopFadeTime 2
      dvar set bg_shock_soundLoopEndDelay -1.5
      dvar set bg_shock_soundRoomType underwater
      dvar set bg_shock_soundDryLevel 1
      dvar set bg_shock_soundWetLevel 0.5
      dvar set bg_shock_soundModEndDelay -0.75
      dvar set bg_shock_volume_physics 0.1
      dvar set bg_shock_volume_auto 0.1
      dvar set bg_shock_volume_auto2 0.1
      dvar set bg_shock_volume_autodog 0.1
      dvar set bg_shock_volume_bulletimpact 0.1
      dvar set bg_shock_volume_bulletwhizby 0.1
      dvar set bg_shock_volume_element 0.1
      dvar set bg_shock_volume_auto2d 0.1
      dvar set bg_shock_volume_vehicle 0.1
      dvar set bg_shock_volume_vehiclelimited 0.1
      dvar set bg_shock_volume_menu 1
      dvar set bg_shock_volume_body 0.1
      dvar set bg_shock_volume_body2d 0.1
      dvar set bg_shock_volume_reload 0.1
      dvar set bg_shock_volume_reload2d 0.1
      dvar set bg_shock_volume_item 0.1
      dvar set bg_shock_volume_effects1 0.1
      dvar set bg_shock_volume_effects2 0.1
      dvar set bg_shock_volume_weapon 0.5
      dvar set bg_shock_volume_weapon2d 0.1
      dvar set bg_shock_volume_nonshock 0.5
      dvar set bg_shock_volume_voice 0.2
      dvar set bg_shock_volume_local 0.1
      dvar set bg_shock_volume_local2 0.1
      dvar set bg_shock_volume_ambient 0.1
      dvar set bg_shock_volume_hurt 0.1
      dvar set bg_shock_volume_player1 0.1
      dvar set bg_shock_volume_player2 0.1
      dvar set bg_shock_volume_music 0.1
      dvar set bg_shock_volume_musicnopause 0.1
      dvar set bg_shock_volume_mission 0.2
      dvar set bg_shock_volume_announcer 1
      dvar set bg_shock_volume_shellshock 1
      dvar set bg_shock_lookControl 0
      dvar set bg_shock_lookControl_maxpitchspeed 90
      dvar set bg_shock_lookControl_maxyawspeed 90
      dvar set bg_shock_lookControl_mousesensitivityscale 0.5
      dvar set bg_shock_lookControl_fadeTime 2
      dvar set bg_shock_movement 1
      dvar set bg_shock_screenType blurred
      dvar set bg_shock_screenBlurBlendTime 0.4
      dvar set bg_shock_screenBlurBlendFadeTime 1
      dvar set bg_shock_screenFlashWhiteFadeTime 1
      dvar set bg_shock_screenFlashShotFadeTime 1
      dvar set bg_shock_viewKickPeriod 0.75
      dvar set bg_shock_viewKickRadius 0.05
      dvar set bg_shock_viewKickFadeTime 3
      dvar set bg_shock_soundLoop shellshock_loop
      dvar set bg_shock_soundLoopSilent shellshock_loop_silent
      dvar set bg_shock_soundEnd shellshock_end
      dvar set bg_shock_soundEndAbort shellshock_end_abort
      dvar set bg_shock_sound 1
      dvar set bg_shock_soundFadeInTime 0.25
      dvar set bg_shock_soundFadeOutTime 2.5
      dvar set bg_shock_soundLoopFadeTime 1.5
      dvar set bg_shock_soundLoopEndDelay -3
      dvar set bg_shock_soundRoomType generic
      dvar set bg_shock_soundDryLevel 1
      dvar set bg_shock_soundWetLevel 0.5
      dvar set bg_shock_soundModEndDelay 2
      dvar set bg_shock_lookControl 1
      dvar set bg_shock_lookControl_maxpitchspeed 90
      dvar set bg_shock_lookControl_maxyawspeed 90
      dvar set bg_shock_lookControl_mousesensitivityscale 0.5
      dvar set bg_shock_lookControl_fadeTime 2
      dvar set bg_shock_movement 1
      dvar set bg_shock_volume_physics 0.5
      dvar set bg_shock_volume_auto 0.5
      dvar set bg_shock_volume_auto2 0.5
      dvar set bg_shock_volume_autodog 0.5
      dvar set bg_shock_volume_bulletimpact 0.5
      dvar set bg_shock_volume_bulletwhizby 0.5
      dvar set bg_shock_volume_element 0.5
      dvar set bg_shock_volume_auto2d 0.5
      dvar set bg_shock_volume_vehicle 0.5
      dvar set bg_shock_volume_vehiclelimited 0.5
      dvar set bg_shock_volume_menu 0.5
      dvar set bg_shock_volume_body 0.5
      dvar set bg_shock_volume_body2d 0.5
      dvar set bg_shock_volume_reload 0.5
      dvar set bg_shock_volume_reload2d 0.5
      dvar set bg_shock_volume_item 0.5
      dvar set bg_shock_volume_effects1 0.5
      dvar set bg_shock_volume_effects2 0.5
      dvar set bg_shock_volume_weapon 0.5
      dvar set bg_shock_volume_weapon2d 0.5
      dvar set bg_shock_volume_nonshock 0.5
      dvar set bg_shock_volume_voice 0.5
      dvar set bg_shock_volume_local 0.5
      dvar set bg_shock_volume_local2 0.5
      dvar set bg_shock_volume_ambient 0.5
      dvar set bg_shock_volume_hurt 0.5
      dvar set bg_shock_volume_player1 0.5
      dvar set bg_shock_volume_player2 0.5
      dvar set bg_shock_volume_music 0.5
      dvar set bg_shock_volume_musicnopause 0.5
      dvar set bg_shock_volume_mission 0.5
      dvar set bg_shock_volume_announcer 0.5
      dvar set bg_shock_volume_shellshock 0.5
      dvar set bg_shock_screenType blurred
      dvar set bg_shock_screenBlurBlendTime 0.4
      dvar set bg_shock_screenBlurBlendFadeTime 1
      dvar set bg_shock_screenFlashWhiteFadeTime 0
      dvar set bg_shock_screenFlashShotFadeTime 0
      dvar set bg_shock_viewKickPeriod 0.001
      dvar set bg_shock_viewKickRadius 0
      dvar set bg_shock_viewKickFadeTime 0.001
      dvar set bg_shock_sound 0
      dvar set bg_shock_soundLoop shellshock_loop
      dvar set bg_shock_soundLoopSilent shellshock_loop_silent
      dvar set bg_shock_soundEnd shellshock_end
      dvar set bg_shock_soundEndAbort shellshock_end_abort
      dvar set bg_shock_soundFadeInTime 0.25
      dvar set bg_shock_soundFadeOutTime 2.5
      dvar set bg_shock_soundLoopFadeTime 2
      dvar set bg_shock_soundLoopEndDelay -1.5
      dvar set bg_shock_soundRoomType underwater
      dvar set bg_shock_soundDryLevel 1
      dvar set bg_shock_soundWetLevel 0.5
      dvar set bg_shock_soundModEndDelay -0.75
      dvar set bg_shock_volume_physics 0.1
      dvar set bg_shock_volume_auto 0.1
      dvar set bg_shock_volume_auto2 0.1
      dvar set bg_shock_volume_autodog 0.1
      dvar set bg_shock_volume_bulletimpact 0.1
      dvar set bg_shock_volume_bulletwhizby 0.1
      dvar set bg_shock_volume_element 0.1
      dvar set bg_shock_volume_auto2d 0.1
      dvar set bg_shock_volume_vehicle 0.1
      dvar set bg_shock_volume_vehiclelimited 0.1
      dvar set bg_shock_volume_menu 1
      dvar set bg_shock_volume_body 0.1
      dvar set bg_shock_volume_body2d 0.1
      dvar set bg_shock_volume_reload 0.1
      dvar set bg_shock_volume_reload2d 0.1
      dvar set bg_shock_volume_item 0.1
      dvar set bg_shock_volume_effects1 0.1
      dvar set bg_shock_volume_effects2 0.1
      dvar set bg_shock_volume_weapon 0.5
      dvar set bg_shock_volume_weapon2d 0.1
      dvar set bg_shock_volume_nonshock 0.5
      dvar set bg_shock_volume_voice 0.2
      dvar set bg_shock_volume_local 0.1
      dvar set bg_shock_volume_local2 0.1
      dvar set bg_shock_volume_ambient 0.1
      dvar set bg_shock_volume_hurt 0.1
      dvar set bg_shock_volume_player1 0.1
      dvar set bg_shock_volume_player2 0.1
      dvar set bg_shock_volume_music 0.1
      dvar set bg_shock_volume_musicnopause 0.1
      dvar set bg_shock_volume_mission 0.2
      dvar set bg_shock_volume_announcer 1
      dvar set bg_shock_volume_shellshock 1
      dvar set bg_shock_lookControl 1
      dvar set bg_shock_lookControl_maxpitchspeed 35
      dvar set bg_shock_lookControl_maxyawspeed 35
      dvar set bg_shock_lookControl_mousesensitivityscale 0.1
      dvar set bg_shock_lookControl_fadeTime 2
      dvar set bg_shock_movement 1
briefcase_bomb_mp: WEAPON_BRIEFCASE_BOMB_PLANT
briefcase_bomb_defuse_mp: WEAPON_BRIEFCASE_BOMB_DEFUSE
      dvar set sv_iwds 563467449 1988645860 -278280682 2115322797 1043426064 -292863836 173489706 -1846635013 -1079795827 -1041447890 -715502781 489843315 499941093 309900900 -165391090 648005745 -1190209610 
      dvar set sv_iwdNames z_pR z_c_r iw_zzz_menu_music iw_13 iw_12 iw_11 iw_10 iw_09 iw_08 iw_07 iw_06 iw_05 iw_04 iw_03 iw_02 iw_01 iw_00
      dvar set sv_referencedIwds -1190209610 499941093 648005745 -715502781 -165391090 309900900 563467449 2115322797 -278280682 489843315 1043426064 -292863836 1988645860 
      dvar set sv_referencedIwdNames main/iw_00 main/iw_04 main/iw_01 main/iw_06 main/iw_02 main/iw_03 mods/raw-promoduntitled/z_pR main/iw_13 main/iw_zzz_menu_music main/iw_05 main/iw_12 main/iw_11 mods/raw-promoduntitled/z_c_r
      dvar set sv_referencedFFCheckSums 89196 487005 35287381 13517381 258
      dvar set sv_referencedFFNames code_post_gfx_mp mods/raw-promoduntitled/mod mp_crash common_mp mp_crash_load
-----------------------------------
      dvar set sv_cheats 1
Working directory: C:\Users\Martin\Desktop\GitHub\CoD_Dev_Untitled\main
PunkBuster Client: Changing PunkBuster homepath to [C:\Users\Martin\AppData\Local\PunkBuster\COD4\pb\]
PunkBuster Client: Warning: Corrupted Interface
PunkBuster Client: Attempting to resolve master8.evenbalance.com
PunkBuster Client: Resolved to [72.167.223.228] (0)
PunkBuster Client: PunkBuster Client (v2.318 | A0) Enabled
Huffman Took 1 Milliseconds
SV_DirectConnect()
Connecting player #0 has an unknown GUID
Going from CS_FREE to CS_CONNECTED for  (num 0 guid "")
      dvar set g_gametype sd
      dvar set g_gametype sd
      dvar set sv_serverid 17
==== ShutdownGame (0) ====
------- Game Initialization -------
gamename: Call of Duty 4
gamedate: Jun 18 2008
----------------------
Game: G_SetupWeaponDef
----------------------
      dvar set g_gametype sd
      dvar set ui_maxclients 32
      dvar set sv_maxclients 24
      dvar set dedicated listen server
      dvar set g_redCrosshairs 1
      dvar set g_gravity 800
-----------------------------------
      dvar set ui_bomb_timer 0
      dvar set scr_sd_bombtimer 45
      dvar set scr_sd_defusetime 7
      dvar set scr_sd_multibomb 0
      dvar set scr_sd_numlives 1
      dvar set scr_sd_planttime 5
      dvar set scr_sd_playerrespawndelay 0
      dvar set scr_sd_roundlimit 20
      dvar set scr_sd_roundswitch 10
      dvar set scr_sd_scorelimit 0
      dvar set scr_sd_timelimit 1.75
      dvar set scr_sd_waverespawndelay 0
      dvar set scr_dom_numlives 0
      dvar set scr_dom_playerrespawndelay 7
      dvar set scr_dom_roundlimit 2
      dvar set scr_dom_roundswitch 1
      dvar set scr_dom_scorelimit 0
      dvar set scr_dom_timelimit 15
      dvar set scr_dom_waverespawndelay 0
      dvar set koth_autodestroytime 120
      dvar set koth_capturetime 20
      dvar set koth_delayPlayer 0
      dvar set koth_destroytime 10
      dvar set koth_kothmode 0
      dvar set koth_spawnDelay 45
      dvar set koth_spawntime 10
      dvar set scr_koth_numlives 0
      dvar set scr_koth_playerrespawndelay 0
      dvar set scr_koth_roundlimit 2
      dvar set scr_koth_roundswitch 1
      dvar set scr_koth_scorelimit 0
      dvar set scr_koth_timelimit 20
      dvar set scr_koth_waverespawndelay 0
      dvar set scr_sab_bombtimer 45
      dvar set scr_sab_defusetime 5
      dvar set scr_sab_hotpotato 0
      dvar set scr_sab_numlives 0
      dvar set scr_sab_planttime 5
      dvar set scr_sab_playerrespawndelay 7
      dvar set scr_sab_roundlimit 4
      dvar set scr_sab_roundswitch 2
      dvar set scr_sab_scorelimit 0
      dvar set scr_sab_timelimit 10
      dvar set scr_sab_waverespawndelay 0
      dvar set scr_war_numlives 0
      dvar set scr_war_playerrespawndelay 0
      dvar set scr_war_roundlimit 2
      dvar set scr_war_scorelimit 0
      dvar set scr_war_roundswitch 1
      dvar set scr_war_timelimit 15
      dvar set scr_war_waverespawndelay 0
      dvar set scr_dm_numlives 0
      dvar set scr_dm_playerrespawndelay 0
      dvar set scr_dm_roundlimit 1
      dvar set scr_dm_scorelimit 0
      dvar set scr_dm_timelimit 10
      dvar set scr_dm_waverespawndelay 0
      dvar set class_assault_limit 64
      dvar set class_specops_limit 2
      dvar set class_demolitions_limit 1
      dvar set class_sniper_limit 1
      dvar set class_assault_allowdrop 1
      dvar set class_specops_allowdrop 1
      dvar set class_demolitions_allowdrop 0
      dvar set class_sniper_allowdrop 0
      dvar set weap_allow_m16 1
      dvar set weap_allow_ak47 1
      dvar set weap_allow_m4 1
      dvar set weap_allow_g3 1
      dvar set weap_allow_g36c 1
      dvar set weap_allow_m14 1
      dvar set weap_allow_mp44 1
      dvar set attach_allow_assault_none 1
      dvar set attach_allow_assault_silencer 1
      dvar set weap_allow_mp5 1
      dvar set weap_allow_uzi 1
      dvar set weap_allow_ak74u 1
      dvar set attach_allow_specops_none 1
      dvar set attach_allow_specops_silencer 1
      dvar set weap_allow_m1014 1
      dvar set weap_allow_winchester1200 1
      dvar set weap_allow_m40a3 1
      dvar set weap_allow_remington700 1
      dvar set weap_allow_beretta 1
      dvar set weap_allow_colt45 1
      dvar set weap_allow_usp 1
      dvar set weap_allow_deserteagle 1
      dvar set weap_allow_deserteaglegold 1
      dvar set attach_allow_pistol_none 1
      dvar set attach_allow_pistol_silencer 1
      dvar set weap_allow_flash_grenade 1
      dvar set weap_allow_frag_grenade 1
      dvar set weap_allow_smoke_grenade 1
      dvar set class_assault_primary ak47
      dvar set class_assault_primary_attachment none
      dvar set class_assault_secondary deserteagle
      dvar set class_assault_secondary_attachment none
      dvar set class_assault_grenade smoke_grenade
      dvar set class_assault_camo camo_none
      dvar set class_specops_primary ak74u
      dvar set class_specops_primary_attachment none
      dvar set class_specops_secondary deserteagle
      dvar set class_specops_secondary_attachment none
      dvar set class_specops_grenade smoke_grenade
      dvar set class_specops_camo camo_none
      dvar set class_demolitions_primary winchester1200
      dvar set class_demolitions_primary_attachment none
      dvar set class_demolitions_secondary deserteagle
      dvar set class_demolitions_secondary_attachment none
      dvar set class_demolitions_grenade smoke_grenade
      dvar set class_demolitions_camo camo_none
      dvar set class_sniper_primary m40a3
      dvar set class_sniper_primary_attachment none
      dvar set class_sniper_secondary deserteagle
      dvar set class_sniper_secondary_attachment none
      dvar set class_sniper_grenade smoke_grenade
      dvar set class_sniper_camo camo_none
      dvar set scr_team_fftype 1
      dvar set scr_team_teamkillpointloss 5
      dvar set scr_game_deathpointloss 0
      dvar set scr_game_suicidepointloss 0
      dvar set scr_player_suicidespawndelay 0
      dvar set scr_player_forcerespawn 1
      dvar set bg_fallDamageMinHeight 140
      dvar set bg_fallDamageMaxHeight 350
      dvar set scr_game_matchstarttime 10
      dvar set scr_enable_hiticon 2
      dvar set scr_enable_scoretext 1
      dvar set logfile 1
      dvar set g_log games_mp.log
      dvar set g_logSync 0
      dvar set g_inactivity 0
      dvar set g_no_script_spam 1
      dvar set g_antilag 1
      dvar set g_smoothClients 1
      dvar set sv_allowDownload 1
      dvar set sv_maxPing 0
      dvar set sv_minPing 0
      dvar set sv_reconnectlimit 3
      dvar set sv_timeout 240
      dvar set sv_zombietime 2
      dvar set sv_floodprotect 4
      dvar set sv_kickBanTime 0
      dvar set sv_disableClientConsole 0
      dvar set sv_voice 0
      dvar set sv_clientArchive 1
      dvar set timescale 1
      dvar set g_allowvote 0
      dvar set scr_game_allowkillcam 0
      dvar set scr_game_spectatetype 1
      dvar set scr_hardcore 0
      dvar set scr_team_fftype 0
      dvar set scr_team_teamkillpointloss 0
      dvar set scr_war_roundswitch 0
      dvar set scr_war_roundlimit 1
      dvar set weap_allow_flash_grenade 0
      dvar set weap_allow_frag_grenade 0
      dvar set weap_allow_smoke_grenade 0
      dvar set class_specops_limit 64
      dvar set class_assault_grenade none
      dvar set class_specops_grenade none
      dvar set class_demolitions_grenade none
      dvar set class_sniper_grenade none
      dvar set ui_scorelimit 0
      dvar set ui_timelimit 1.75
      dvar set scr_player_maxhealth 100
      dvar set scr_RequiredMapAspectratio 1
Script tried to precache the player status icon 'hud_status_dead' more than once
Script tried to precache the player status icon 'hud_status_connecting' more than once
Script tried to precache the player status icon 'compassping_friendlyfiring_mp' more than once
Script tried to precache the player status icon 'compassping_enemy' more than once
      dvar set scr_allies usmc
      dvar set scr_axis arab
      dvar set bg_bobMax 0
      dvar set player_sustainAmmo 0
      dvar set player_throwbackInnerRadius 0
      dvar set player_throwbackOuterRadius 0
      dvar set loc_warnings 0
      dvar set promod_scorebot_ticker_num 0
      dvar set class_assault_limit 64
      dvar set class_specops_limit 64
      dvar set class_demolitions_limit 1
      dvar set class_sniper_limit 1
      dvar set class_assault_allowdrop 1
      dvar set class_specops_allowdrop 1
      dvar set class_demolitions_allowdrop 0
      dvar set class_sniper_allowdrop 0
      dvar set weap_allow_m16 1
      dvar set weap_allow_ak47 1
      dvar set weap_allow_m4 1
      dvar set weap_allow_g3 1
      dvar set weap_allow_g36c 1
      dvar set weap_allow_m14 1
      dvar set weap_allow_mp44 1
      dvar set attach_allow_assault_none 1
      dvar set attach_allow_assault_silencer 1
      dvar set weap_allow_mp5 1
      dvar set weap_allow_uzi 1
      dvar set weap_allow_ak74u 1
      dvar set attach_allow_specops_none 1
      dvar set attach_allow_specops_silencer 1
      dvar set weap_allow_m1014 1
      dvar set weap_allow_winchester1200 1
      dvar set weap_allow_m40a3 1
      dvar set weap_allow_remington700 1
      dvar set weap_allow_beretta 1
      dvar set weap_allow_colt45 1
      dvar set weap_allow_usp 1
      dvar set weap_allow_deserteagle 1
      dvar set weap_allow_deserteaglegold 1
      dvar set attach_allow_pistol_none 1
      dvar set attach_allow_pistol_silencer 1
      dvar set weap_allow_frag_grenade 0
      dvar set weap_allow_flash_grenade 0
      dvar set weap_allow_smoke_grenade 0
      dvar set allies_allow_assault 1
      dvar set allies_allow_specops 1
      dvar set allies_allow_demolitions 1
      dvar set allies_allow_sniper 1
      dvar set axis_allow_assault 1
      dvar set axis_allow_specops 1
      dvar set axis_allow_demolitions 1
      dvar set axis_allow_sniper 1
      dvar set class_assault_primary ak47
      dvar set class_assault_primary_attachment none
      dvar set class_assault_secondary deserteagle
      dvar set class_assault_secondary_attachment none
      dvar set class_assault_grenade none
      dvar set class_assault_camo camo_none
      dvar set class_specops_primary ak74u
      dvar set class_specops_primary_attachment none
      dvar set class_specops_secondary deserteagle
      dvar set class_specops_secondary_attachment none
      dvar set class_specops_grenade none
      dvar set class_specops_camo camo_none
      dvar set class_demolitions_primary winchester1200
      dvar set class_demolitions_primary_attachment none
      dvar set class_demolitions_secondary deserteagle
      dvar set class_demolitions_secondary_attachment none
      dvar set class_demolitions_grenade none
      dvar set class_demolitions_camo camo_none
      dvar set class_sniper_primary m40a3
      dvar set class_sniper_primary_attachment none
      dvar set class_sniper_secondary deserteagle
      dvar set class_sniper_secondary_attachment none
      dvar set class_sniper_grenade none
      dvar set class_sniper_camo camo_none
      dvar set scr_enable_hiticon 2
      dvar set scr_enable_scoretext 1
Script tried to precache the menu 'quickcommands' more than once
Script tried to precache the menu 'quickstatements' more than once
Script tried to precache the menu 'quickresponses' more than once
Script tried to precache the menu 'quickpromod' more than once
Script tried to precache the menu 'quickpromodgfx' more than once
Script tried to precache the menu 'scoreboard' more than once
Script tried to precache the menu 'team_marinesopfor' more than once
Script tried to precache the menu 'class_marines' more than once
Script tried to precache the menu 'changeclass_marines_mw' more than once
Script tried to precache the menu 'class_opfor' more than once
Script tried to precache the menu 'changeclass_opfor_mw' more than once
Script tried to precache the menu 'class' more than once
Script tried to precache the menu 'changeclass_mw' more than once
Script tried to precache the menu 'changeclass_offline' more than once
Script tried to precache the menu 'callvote' more than once
Script tried to precache the menu 'muteplayer' more than once
Script tried to precache the menu 'shoutcast' more than once
Script tried to precache the menu 'shoutcast_map' more than once
Script tried to precache the menu 'shoutcast_setup' more than once
Script tried to precache the menu 'shoutcast_setup_binds' more than once
Script tried to precache the menu 'echo' more than once
Script tried to precache the menu 'demo' more than once
      dvar set sv_hostname CoD4Host
      dvar set ui_hostname CoD4Host
      dvar set scr_motd 
      dvar set ui_motd 
      dvar set g_allowvote 0
      dvar set ui_allowvote 0
      dvar set ui_friendlyfire 0
      dvar set scr_mapsize 64
      dvar set bg_shock_screenType blurred
      dvar set bg_shock_screenBlurBlendTime 0.4
      dvar set bg_shock_screenBlurBlendFadeTime 1
      dvar set bg_shock_screenFlashWhiteFadeTime 1
      dvar set bg_shock_screenFlashShotFadeTime 1
      dvar set bg_shock_viewKickPeriod 0.75
      dvar set bg_shock_viewKickRadius 0.05
      dvar set bg_shock_viewKickFadeTime 3
      dvar set bg_shock_soundLoop shellshock_loop
      dvar set bg_shock_soundLoopSilent shellshock_loop_silent
      dvar set bg_shock_soundEnd shellshock_end
      dvar set bg_shock_soundEndAbort shellshock_end_abort
      dvar set bg_shock_sound 1
      dvar set bg_shock_soundFadeInTime 0.25
      dvar set bg_shock_soundFadeOutTime 2.5
      dvar set bg_shock_soundLoopFadeTime 1.5
      dvar set bg_shock_soundLoopEndDelay -3
      dvar set bg_shock_soundRoomType generic
      dvar set bg_shock_soundDryLevel 1
      dvar set bg_shock_soundWetLevel 0.5
      dvar set bg_shock_soundModEndDelay 2
      dvar set bg_shock_lookControl 1
      dvar set bg_shock_lookControl_maxpitchspeed 90
      dvar set bg_shock_lookControl_maxyawspeed 90
      dvar set bg_shock_lookControl_mousesensitivityscale 0.5
      dvar set bg_shock_lookControl_fadeTime 2
      dvar set bg_shock_movement 1
      dvar set bg_shock_volume_physics 0.5
      dvar set bg_shock_volume_auto 0.5
      dvar set bg_shock_volume_auto2 0.5
      dvar set bg_shock_volume_autodog 0.5
      dvar set bg_shock_volume_bulletimpact 0.5
      dvar set bg_shock_volume_bulletwhizby 0.5
      dvar set bg_shock_volume_element 0.5
      dvar set bg_shock_volume_auto2d 0.5
      dvar set bg_shock_volume_vehicle 0.5
      dvar set bg_shock_volume_vehiclelimited 0.5
      dvar set bg_shock_volume_menu 0.5
      dvar set bg_shock_volume_body 0.5
      dvar set bg_shock_volume_body2d 0.5
      dvar set bg_shock_volume_reload 0.5
      dvar set bg_shock_volume_reload2d 0.5
      dvar set bg_shock_volume_item 0.5
      dvar set bg_shock_volume_effects1 0.5
      dvar set bg_shock_volume_effects2 0.5
      dvar set bg_shock_volume_weapon 0.5
      dvar set bg_shock_volume_weapon2d 0.5
      dvar set bg_shock_volume_nonshock 0.5
      dvar set bg_shock_volume_voice 0.5
      dvar set bg_shock_volume_local 0.5
      dvar set bg_shock_volume_local2 0.5
      dvar set bg_shock_volume_ambient 0.5
      dvar set bg_shock_volume_hurt 0.5
      dvar set bg_shock_volume_player1 0.5
      dvar set bg_shock_volume_player2 0.5
      dvar set bg_shock_volume_music 0.5
      dvar set bg_shock_volume_musicnopause 0.5
      dvar set bg_shock_volume_mission 0.5
      dvar set bg_shock_volume_announcer 0.5
      dvar set bg_shock_volume_shellshock 0.5
      dvar set bg_shock_screenType blurred
      dvar set bg_shock_screenBlurBlendTime 0.4
      dvar set bg_shock_screenBlurBlendFadeTime 1
      dvar set bg_shock_screenFlashWhiteFadeTime 0
      dvar set bg_shock_screenFlashShotFadeTime 0
      dvar set bg_shock_viewKickPeriod 0.75
      dvar set bg_shock_viewKickRadius 0.05
      dvar set bg_shock_viewKickFadeTime 3
      dvar set bg_shock_sound 1
      dvar set bg_shock_soundLoop shellshock_loop
      dvar set bg_shock_soundLoopSilent shellshock_loop_silent
      dvar set bg_shock_soundEnd shellshock_end
      dvar set bg_shock_soundEndAbort shellshock_end_abort
      dvar set bg_shock_soundFadeInTime 0.25
      dvar set bg_shock_soundFadeOutTime 2.5
      dvar set bg_shock_soundLoopFadeTime 2
      dvar set bg_shock_soundLoopEndDelay -1.5
      dvar set bg_shock_soundRoomType underwater
      dvar set bg_shock_soundDryLevel 1
      dvar set bg_shock_soundWetLevel 0.5
      dvar set bg_shock_soundModEndDelay -0.75
      dvar set bg_shock_volume_physics 0.1
      dvar set bg_shock_volume_auto 0.1
      dvar set bg_shock_volume_auto2 0.1
      dvar set bg_shock_volume_autodog 0.1
      dvar set bg_shock_volume_bulletimpact 0.1
      dvar set bg_shock_volume_bulletwhizby 0.1
      dvar set bg_shock_volume_element 0.1
      dvar set bg_shock_volume_auto2d 0.1
      dvar set bg_shock_volume_vehicle 0.1
      dvar set bg_shock_volume_vehiclelimited 0.1
      dvar set bg_shock_volume_menu 1
      dvar set bg_shock_volume_body 0.1
      dvar set bg_shock_volume_body2d 0.1
      dvar set bg_shock_volume_reload 0.1
      dvar set bg_shock_volume_reload2d 0.1
      dvar set bg_shock_volume_item 0.1
      dvar set bg_shock_volume_effects1 0.1
      dvar set bg_shock_volume_effects2 0.1
      dvar set bg_shock_volume_weapon 0.5
      dvar set bg_shock_volume_weapon2d 0.1
      dvar set bg_shock_volume_nonshock 0.5
      dvar set bg_shock_volume_voice 0.2
      dvar set bg_shock_volume_local 0.1
      dvar set bg_shock_volume_local2 0.1
      dvar set bg_shock_volume_ambient 0.1
      dvar set bg_shock_volume_hurt 0.1
      dvar set bg_shock_volume_player1 0.1
      dvar set bg_shock_volume_player2 0.1
      dvar set bg_shock_volume_music 0.1
      dvar set bg_shock_volume_musicnopause 0.1
      dvar set bg_shock_volume_mission 0.2
      dvar set bg_shock_volume_announcer 1
      dvar set bg_shock_volume_shellshock 1
      dvar set bg_shock_lookControl 1
      dvar set bg_shock_lookControl_maxpitchspeed 45
      dvar set bg_shock_lookControl_maxyawspeed 45
      dvar set bg_shock_lookControl_mousesensitivityscale 0.5
      dvar set bg_shock_lookControl_fadeTime 2
      dvar set bg_shock_movement 1
      dvar set bg_shock_screenType blurred
      dvar set bg_shock_screenBlurBlendTime 0.4
      dvar set bg_shock_screenBlurBlendFadeTime 1
      dvar set bg_shock_screenFlashWhiteFadeTime 1
      dvar set bg_shock_screenFlashShotFadeTime 1
      dvar set bg_shock_viewKickPeriod 0.75
      dvar set bg_shock_viewKickRadius 0.05
      dvar set bg_shock_viewKickFadeTime 3
      dvar set bg_shock_soundLoop shellshock_loop
      dvar set bg_shock_soundLoopSilent shellshock_loop_silent
      dvar set bg_shock_soundEnd shellshock_end
      dvar set bg_shock_soundEndAbort shellshock_end_abort
      dvar set bg_shock_sound 1
      dvar set bg_shock_soundFadeInTime 0.25
      dvar set bg_shock_soundFadeOutTime 2.5
      dvar set bg_shock_soundLoopFadeTime 1.5
      dvar set bg_shock_soundLoopEndDelay -3
      dvar set bg_shock_soundRoomType generic
      dvar set bg_shock_soundDryLevel 1
      dvar set bg_shock_soundWetLevel 0.5
      dvar set bg_shock_soundModEndDelay 2
      dvar set bg_shock_lookControl 1
      dvar set bg_shock_lookControl_maxpitchspeed 90
      dvar set bg_shock_lookControl_maxyawspeed 90
      dvar set bg_shock_lookControl_mousesensitivityscale 0.5
      dvar set bg_shock_lookControl_fadeTime 2
      dvar set bg_shock_movement 1
      dvar set bg_shock_volume_physics 0.5
      dvar set bg_shock_volume_auto 0.5
      dvar set bg_shock_volume_auto2 0.5
      dvar set bg_shock_volume_autodog 0.5
      dvar set bg_shock_volume_bulletimpact 0.5
      dvar set bg_shock_volume_bulletwhizby 0.5
      dvar set bg_shock_volume_element 0.5
      dvar set bg_shock_volume_auto2d 0.5
      dvar set bg_shock_volume_vehicle 0.5
      dvar set bg_shock_volume_vehiclelimited 0.5
      dvar set bg_shock_volume_menu 0.5
      dvar set bg_shock_volume_body 0.5
      dvar set bg_shock_volume_body2d 0.5
      dvar set bg_shock_volume_reload 0.5
      dvar set bg_shock_volume_reload2d 0.5
      dvar set bg_shock_volume_item 0.5
      dvar set bg_shock_volume_effects1 0.5
      dvar set bg_shock_volume_effects2 0.5
      dvar set bg_shock_volume_weapon 0.5
      dvar set bg_shock_volume_weapon2d 0.5
      dvar set bg_shock_volume_nonshock 0.5
      dvar set bg_shock_volume_voice 0.5
      dvar set bg_shock_volume_local 0.5
      dvar set bg_shock_volume_local2 0.5
      dvar set bg_shock_volume_ambient 0.5
      dvar set bg_shock_volume_hurt 0.5
      dvar set bg_shock_volume_player1 0.5
      dvar set bg_shock_volume_player2 0.5
      dvar set bg_shock_volume_music 0.5
      dvar set bg_shock_volume_musicnopause 0.5
      dvar set bg_shock_volume_mission 0.5
      dvar set bg_shock_volume_announcer 0.5
      dvar set bg_shock_volume_shellshock 0.5
      dvar set bg_shock_screenType flashed
      dvar set bg_shock_screenBlurBlendTime 0.4
      dvar set bg_shock_screenBlurBlendFadeTime 1
      dvar set bg_shock_screenFlashWhiteFadeTime 3.5
      dvar set bg_shock_screenFlashShotFadeTime 1
      dvar set bg_shock_viewKickPeriod 0.75
      dvar set bg_shock_viewKickRadius 0.05
      dvar set bg_shock_viewKickFadeTime 3
      dvar set bg_shock_sound 1
      dvar set bg_shock_soundLoop flashbang_tinnitus_loop
      dvar set bg_shock_soundLoopSilent flashbang_tinnitus_loop_silent
      dvar set bg_shock_soundEnd flashbang_tinnitus_end
      dvar set bg_shock_soundEndAbort flashbang_tinnitus_abort
      dvar set bg_shock_soundFadeInTime 0.25
      dvar set bg_shock_soundFadeOutTime 2
      dvar set bg_shock_soundModEndDelay 1.5
      dvar set bg_shock_soundLoopFadeTime 2
      dvar set bg_shock_soundLoopEndDelay 2
      dvar set bg_shock_soundRoomType underwater
      dvar set bg_shock_soundDryLevel 0.6
      dvar set bg_shock_soundWetLevel 0.8
      dvar set bg_shock_volume_physics 0.05
      dvar set bg_shock_volume_auto 0.05
      dvar set bg_shock_volume_auto2 0.05
      dvar set bg_shock_volume_autodog 0.05
      dvar set bg_shock_volume_bulletimpact 0.05
      dvar set bg_shock_volume_bulletwhizby 0.05
      dvar set bg_shock_volume_element 0.05
      dvar set bg_shock_volume_auto2d 0.05
      dvar set bg_shock_volume_vehicle 0.05
      dvar set bg_shock_volume_vehiclelimited 0.05
      dvar set bg_shock_volume_menu 1
      dvar set bg_shock_volume_body 0.05
      dvar set bg_shock_volume_body2d 0.05
      dvar set bg_shock_volume_reload 0.05
      dvar set bg_shock_volume_reload2d 0.05
      dvar set bg_shock_volume_item 0.05
      dvar set bg_shock_volume_effects1 0.05
      dvar set bg_shock_volume_effects2 0.05
      dvar set bg_shock_volume_weapon 0.1
      dvar set bg_shock_volume_weapon2d 0.05
      dvar set bg_shock_volume_nonshock 1
      dvar set bg_shock_volume_voice 0.05
      dvar set bg_shock_volume_local 0.05
      dvar set bg_shock_volume_local2 0.05
      dvar set bg_shock_volume_ambient 1
      dvar set bg_shock_volume_hurt 0.3
      dvar set bg_shock_volume_player1 0.3
      dvar set bg_shock_volume_player2 0.3
      dvar set bg_shock_volume_music 0.3
      dvar set bg_shock_volume_musicnopause 0.3
      dvar set bg_shock_volume_mission 0.05
      dvar set bg_shock_volume_announcer 1
      dvar set bg_shock_volume_shellshock 1
      dvar set bg_shock_lookControl 0
      dvar set bg_shock_lookControl_maxpitchspeed 90
      dvar set bg_shock_lookControl_maxyawspeed 90
      dvar set bg_shock_lookControl_mousesensitivityscale 0.5
      dvar set bg_shock_lookControl_fadeTime 2
      dvar set bg_shock_movement 0
      dvar set g_TeamIcon_Allies faction_128_usmc
      dvar set g_TeamColor_Allies 0.6 0.639216 0.690196 0
      dvar set g_ScoresColor_Allies 0.6 0.639216 0.690196 0
      dvar set g_TeamIcon_Axis faction_128_arab
      dvar set g_TeamColor_Axis 0.65098 0.568627 0.411765 0
      dvar set g_ScoresColor_Axis 0.65098 0.568627 0.411765 0
      dvar set g_TeamName_Allies Attack
      dvar set g_TeamName_Axis Defence
      dvar set g_ScoresColor_Spectator 0.25098 0.25098 0.25098 0
      dvar set g_ScoresColor_Free 0.760784 0.780392 0.101961 0
      dvar set g_TeamColor_MyTeam 0.6 0.8 0.6 0
      dvar set g_TeamColor_EnemyTeam 1 0.45098 0.501961 0
      dvar set bg_shock_screenType blurred
      dvar set bg_shock_screenBlurBlendTime 0.4
      dvar set bg_shock_screenBlurBlendFadeTime 1
      dvar set bg_shock_screenFlashWhiteFadeTime 1
      dvar set bg_shock_screenFlashShotFadeTime 1
      dvar set bg_shock_viewKickPeriod 0.75
      dvar set bg_shock_viewKickRadius 0.05
      dvar set bg_shock_viewKickFadeTime 3
      dvar set bg_shock_soundLoop shellshock_loop
      dvar set bg_shock_soundLoopSilent shellshock_loop_silent
      dvar set bg_shock_soundEnd shellshock_end
      dvar set bg_shock_soundEndAbort shellshock_end_abort
      dvar set bg_shock_sound 1
      dvar set bg_shock_soundFadeInTime 0.25
      dvar set bg_shock_soundFadeOutTime 2.5
      dvar set bg_shock_soundLoopFadeTime 1.5
      dvar set bg_shock_soundLoopEndDelay -3
      dvar set bg_shock_soundRoomType generic
      dvar set bg_shock_soundDryLevel 1
      dvar set bg_shock_soundWetLevel 0.5
      dvar set bg_shock_soundModEndDelay 2
      dvar set bg_shock_lookControl 1
      dvar set bg_shock_lookControl_maxpitchspeed 90
      dvar set bg_shock_lookControl_maxyawspeed 90
      dvar set bg_shock_lookControl_mousesensitivityscale 0.5
      dvar set bg_shock_lookControl_fadeTime 2
      dvar set bg_shock_movement 1
      dvar set bg_shock_volume_physics 0.5
      dvar set bg_shock_volume_auto 0.5
      dvar set bg_shock_volume_auto2 0.5
      dvar set bg_shock_volume_autodog 0.5
      dvar set bg_shock_volume_bulletimpact 0.5
      dvar set bg_shock_volume_bulletwhizby 0.5
      dvar set bg_shock_volume_element 0.5
      dvar set bg_shock_volume_auto2d 0.5
      dvar set bg_shock_volume_vehicle 0.5
      dvar set bg_shock_volume_vehiclelimited 0.5
      dvar set bg_shock_volume_menu 0.5
      dvar set bg_shock_volume_body 0.5
      dvar set bg_shock_volume_body2d 0.5
      dvar set bg_shock_volume_reload 0.5
      dvar set bg_shock_volume_reload2d 0.5
      dvar set bg_shock_volume_item 0.5
      dvar set bg_shock_volume_effects1 0.5
      dvar set bg_shock_volume_effects2 0.5
      dvar set bg_shock_volume_weapon 0.5
      dvar set bg_shock_volume_weapon2d 0.5
      dvar set bg_shock_volume_nonshock 0.5
      dvar set bg_shock_volume_voice 0.5
      dvar set bg_shock_volume_local 0.5
      dvar set bg_shock_volume_local2 0.5
      dvar set bg_shock_volume_ambient 0.5
      dvar set bg_shock_volume_hurt 0.5
      dvar set bg_shock_volume_player1 0.5
      dvar set bg_shock_volume_player2 0.5
      dvar set bg_shock_volume_music 0.5
      dvar set bg_shock_volume_musicnopause 0.5
      dvar set bg_shock_volume_mission 0.5
      dvar set bg_shock_volume_announcer 0.5
      dvar set bg_shock_volume_shellshock 0.5
      dvar set bg_shock_screenType blurred
      dvar set bg_shock_screenBlurBlendTime 0.4
      dvar set bg_shock_screenBlurBlendFadeTime 1
      dvar set bg_shock_screenFlashWhiteFadeTime 0
      dvar set bg_shock_screenFlashShotFadeTime 0
      dvar set bg_shock_viewKickPeriod 0.75
      dvar set bg_shock_viewKickRadius 0.05
      dvar set bg_shock_viewKickFadeTime 1.5
      dvar set bg_shock_sound 0
      dvar set bg_shock_soundLoop shellshock_loop
      dvar set bg_shock_soundLoopSilent shellshock_loop_silent
      dvar set bg_shock_soundEnd shellshock_end
      dvar set bg_shock_soundEndAbort shellshock_end_abort
      dvar set bg_shock_soundFadeInTime 0.25
      dvar set bg_shock_soundFadeOutTime 2.5
      dvar set bg_shock_soundLoopFadeTime 2
      dvar set bg_shock_soundLoopEndDelay -1.5
      dvar set bg_shock_soundRoomType underwater
      dvar set bg_shock_soundDryLevel 1
      dvar set bg_shock_soundWetLevel 0.5
      dvar set bg_shock_soundModEndDelay -0.75
      dvar set bg_shock_volume_physics 0.1
      dvar set bg_shock_volume_auto 0.1
      dvar set bg_shock_volume_auto2 0.1
      dvar set bg_shock_volume_autodog 0.1
      dvar set bg_shock_volume_bulletimpact 0.1
      dvar set bg_shock_volume_bulletwhizby 0.1
      dvar set bg_shock_volume_element 0.1
      dvar set bg_shock_volume_auto2d 0.1
      dvar set bg_shock_volume_vehicle 0.1
      dvar set bg_shock_volume_vehiclelimited 0.1
      dvar set bg_shock_volume_menu 1
      dvar set bg_shock_volume_body 0.1
      dvar set bg_shock_volume_body2d 0.1
      dvar set bg_shock_volume_reload 0.1
      dvar set bg_shock_volume_reload2d 0.1
      dvar set bg_shock_volume_item 0.1
      dvar set bg_shock_volume_effects1 0.1
      dvar set bg_shock_volume_effects2 0.1
      dvar set bg_shock_volume_weapon 0.5
      dvar set bg_shock_volume_weapon2d 0.1
      dvar set bg_shock_volume_nonshock 0.5
      dvar set bg_shock_volume_voice 0.2
      dvar set bg_shock_volume_local 0.1
      dvar set bg_shock_volume_local2 0.1
      dvar set bg_shock_volume_ambient 0.1
      dvar set bg_shock_volume_hurt 0.1
      dvar set bg_shock_volume_player1 0.1
      dvar set bg_shock_volume_player2 0.1
      dvar set bg_shock_volume_music 0.1
      dvar set bg_shock_volume_musicnopause 0.1
      dvar set bg_shock_volume_mission 0.2
      dvar set bg_shock_volume_announcer 1
      dvar set bg_shock_volume_shellshock 1
      dvar set bg_shock_lookControl 0
      dvar set bg_shock_lookControl_maxpitchspeed 90
      dvar set bg_shock_lookControl_maxyawspeed 90
      dvar set bg_shock_lookControl_mousesensitivityscale 0.5
      dvar set bg_shock_lookControl_fadeTime 2
      dvar set bg_shock_movement 1
      dvar set bg_shock_screenType blurred
      dvar set bg_shock_screenBlurBlendTime 0.4
      dvar set bg_shock_screenBlurBlendFadeTime 1
      dvar set bg_shock_screenFlashWhiteFadeTime 1
      dvar set bg_shock_screenFlashShotFadeTime 1
      dvar set bg_shock_viewKickPeriod 0.75
      dvar set bg_shock_viewKickRadius 0.05
      dvar set bg_shock_viewKickFadeTime 3
      dvar set bg_shock_soundLoop shellshock_loop
      dvar set bg_shock_soundLoopSilent shellshock_loop_silent
      dvar set bg_shock_soundEnd shellshock_end
      dvar set bg_shock_soundEndAbort shellshock_end_abort
      dvar set bg_shock_sound 1
      dvar set bg_shock_soundFadeInTime 0.25
      dvar set bg_shock_soundFadeOutTime 2.5
      dvar set bg_shock_soundLoopFadeTime 1.5
      dvar set bg_shock_soundLoopEndDelay -3
      dvar set bg_shock_soundRoomType generic
      dvar set bg_shock_soundDryLevel 1
      dvar set bg_shock_soundWetLevel 0.5
      dvar set bg_shock_soundModEndDelay 2
      dvar set bg_shock_lookControl 1
      dvar set bg_shock_lookControl_maxpitchspeed 90
      dvar set bg_shock_lookControl_maxyawspeed 90
      dvar set bg_shock_lookControl_mousesensitivityscale 0.5
      dvar set bg_shock_lookControl_fadeTime 2
      dvar set bg_shock_movement 1
      dvar set bg_shock_volume_physics 0.5
      dvar set bg_shock_volume_auto 0.5
      dvar set bg_shock_volume_auto2 0.5
      dvar set bg_shock_volume_autodog 0.5
      dvar set bg_shock_volume_bulletimpact 0.5
      dvar set bg_shock_volume_bulletwhizby 0.5
      dvar set bg_shock_volume_element 0.5
      dvar set bg_shock_volume_auto2d 0.5
      dvar set bg_shock_volume_vehicle 0.5
      dvar set bg_shock_volume_vehiclelimited 0.5
      dvar set bg_shock_volume_menu 0.5
      dvar set bg_shock_volume_body 0.5
      dvar set bg_shock_volume_body2d 0.5
      dvar set bg_shock_volume_reload 0.5
      dvar set bg_shock_volume_reload2d 0.5
      dvar set bg_shock_volume_item 0.5
      dvar set bg_shock_volume_effects1 0.5
      dvar set bg_shock_volume_effects2 0.5
      dvar set bg_shock_volume_weapon 0.5
      dvar set bg_shock_volume_weapon2d 0.5
      dvar set bg_shock_volume_nonshock 0.5
      dvar set bg_shock_volume_voice 0.5
      dvar set bg_shock_volume_local 0.5
      dvar set bg_shock_volume_local2 0.5
      dvar set bg_shock_volume_ambient 0.5
      dvar set bg_shock_volume_hurt 0.5
      dvar set bg_shock_volume_player1 0.5
      dvar set bg_shock_volume_player2 0.5
      dvar set bg_shock_volume_music 0.5
      dvar set bg_shock_volume_musicnopause 0.5
      dvar set bg_shock_volume_mission 0.5
      dvar set bg_shock_volume_announcer 0.5
      dvar set bg_shock_volume_shellshock 0.5
      dvar set bg_shock_screenType blurred
      dvar set bg_shock_screenBlurBlendTime 0.4
      dvar set bg_shock_screenBlurBlendFadeTime 1
      dvar set bg_shock_screenFlashWhiteFadeTime 0
      dvar set bg_shock_screenFlashShotFadeTime 0
      dvar set bg_shock_viewKickPeriod 0.001
      dvar set bg_shock_viewKickRadius 0
      dvar set bg_shock_viewKickFadeTime 0.001
      dvar set bg_shock_sound 0
      dvar set bg_shock_soundLoop shellshock_loop
      dvar set bg_shock_soundLoopSilent shellshock_loop_silent
      dvar set bg_shock_soundEnd shellshock_end
      dvar set bg_shock_soundEndAbort shellshock_end_abort
      dvar set bg_shock_soundFadeInTime 0.25
      dvar set bg_shock_soundFadeOutTime 2.5
      dvar set bg_shock_soundLoopFadeTime 2
      dvar set bg_shock_soundLoopEndDelay -1.5
      dvar set bg_shock_soundRoomType underwater
      dvar set bg_shock_soundDryLevel 1
      dvar set bg_shock_soundWetLevel 0.5
      dvar set bg_shock_soundModEndDelay -0.75
      dvar set bg_shock_volume_physics 0.1
      dvar set bg_shock_volume_auto 0.1
      dvar set bg_shock_volume_auto2 0.1
      dvar set bg_shock_volume_autodog 0.1
      dvar set bg_shock_volume_bulletimpact 0.1
      dvar set bg_shock_volume_bulletwhizby 0.1
      dvar set bg_shock_volume_element 0.1
      dvar set bg_shock_volume_auto2d 0.1
      dvar set bg_shock_volume_vehicle 0.1
      dvar set bg_shock_volume_vehiclelimited 0.1
      dvar set bg_shock_volume_menu 1
      dvar set bg_shock_volume_body 0.1
      dvar set bg_shock_volume_body2d 0.1
      dvar set bg_shock_volume_reload 0.1
      dvar set bg_shock_volume_reload2d 0.1
      dvar set bg_shock_volume_item 0.1
      dvar set bg_shock_volume_effects1 0.1
      dvar set bg_shock_volume_effects2 0.1
      dvar set bg_shock_volume_weapon 0.5
      dvar set bg_shock_volume_weapon2d 0.1
      dvar set bg_shock_volume_nonshock 0.5
      dvar set bg_shock_volume_voice 0.2
      dvar set bg_shock_volume_local 0.1
      dvar set bg_shock_volume_local2 0.1
      dvar set bg_shock_volume_ambient 0.1
      dvar set bg_shock_volume_hurt 0.1
      dvar set bg_shock_volume_player1 0.1
      dvar set bg_shock_volume_player2 0.1
      dvar set bg_shock_volume_music 0.1
      dvar set bg_shock_volume_musicnopause 0.1
      dvar set bg_shock_volume_mission 0.2
      dvar set bg_shock_volume_announcer 1
      dvar set bg_shock_volume_shellshock 1
      dvar set bg_shock_lookControl 1
      dvar set bg_shock_lookControl_maxpitchspeed 35
      dvar set bg_shock_lookControl_maxyawspeed 35
      dvar set bg_shock_lookControl_mousesensitivityscale 0.1
      dvar set bg_shock_lookControl_fadeTime 2
      dvar set bg_shock_movement 1
Received packet 0 of stats data
Received packet 1 of stats data
Received packet 2 of stats data
Received packet 3 of stats data
Received packet 4 of stats data
Received packet 5 of stats data
PunkBuster Client: Failed to extract file: C:\WINDOWS\system32\PnkBstrA.exe
PunkBuster Client: Game Version [CoD4 MP 1.7 build 568 nightly Wed Jun 18 2008 04:48:38PM win-x86]
PunkBuster Client: Not Connected to a Server
Received packet 6 of stats data
Roccat#tincxD : dropped gamestate, resending
SV_SendClientGameState() for Roccat#tincxD
Going from CS_CONNECTED to CS_CLIENTLOADING for Roccat#tincxD
Sending 11554 bytes in gamestate to client: 0
Loaded zone 'mp_crash'
frag_grenade_mp: WEAPON_FRAGGRENADE
frag_grenade_short_mp: WEAPON_FRAGGRENADE
smoke_grenade_mp: WEAPON_SMOKEGRENADE
flash_grenade_mp: WEAPON_FLASHGRENADE
briefcase_bomb_mp: WEAPON_BRIEFCASE_BOMB_PLANT
briefcase_bomb_defuse_mp: WEAPON_BRIEFCASE_BOMB_DEFUSE
Connected to a pure server.
Setting state to CA_LOADING in CL_DownloadsComplete
      dvar set cl_paused 1
      dvar set mapname mp_crash
Setting state to CA_LOADING in CL_InitCGame
      dvar set g_gametype sd
      dvar set bg_aimSpreadMoveSpeedThreshold 11
      dvar set bg_bobAmplitudeDucked 0.0075 0.0075
      dvar set bg_bobAmplitudeProne 0.02 0.005
      dvar set bg_bobAmplitudeSprinting 0.02 0.014
      dvar set bg_bobAmplitudeStanding 0.007 0.007
      dvar set bg_bobMax 0
      dvar set bg_fallDamageMaxHeight 350
      dvar set bg_fallDamageMinHeight 140
      dvar set bg_foliagesnd_fastinterval 500
      dvar set bg_foliagesnd_maxspeed 180
      dvar set bg_foliagesnd_minspeed 40
      dvar set bg_foliagesnd_resetinterval 500
      dvar set bg_foliagesnd_slowinterval 1500
      dvar set bg_ladder_yawcap 100
      dvar set bg_maxGrenadeIndicatorSpeed 20
      dvar set bg_prone_yawcap 85
      dvar set friction 5.5
      dvar set g_ScoresColor_Allies 0.6 0.639216 0.690196 0
      dvar set g_ScoresColor_Axis 0.65098 0.568627 0.411765 0
      dvar set g_ScoresColor_EnemyTeam 0.690196 0.0705882 0.0509804 1
      dvar set g_ScoresColor_Free 0.760784 0.780392 0.101961 0
      dvar set g_ScoresColor_MyTeam 0.25098 0.721569 0.25098 1
      dvar set g_ScoresColor_Spectator 0.25098 0.25098 0.25098 0
      dvar set g_TeamColor_Allies 0.6 0.639216 0.690196 0
      dvar set g_TeamColor_Axis 0.65098 0.568627 0.411765 0
      dvar set g_TeamColor_EnemyTeam 1 0.45098 0.501961 0
      dvar set g_TeamColor_Free 0.74902 0.25098 0.25098 1
      dvar set g_TeamColor_MyTeam 0.6 0.8 0.6 0
      dvar set g_TeamColor_Spectator 0.25098 0.25098 0.25098 1
      dvar set g_TeamIcon_Allies faction_128_usmc
      dvar set g_TeamIcon_Axis faction_128_arab
      dvar set g_TeamIcon_Free 
      dvar set g_TeamIcon_Spectator 
      dvar set g_TeamName_Allies Attack
      dvar set g_TeamName_Axis Defence
      dvar set inertiaAngle 0
      dvar set inertiaDebug 0
      dvar set inertiaMax 50
      dvar set jump_height 39
      dvar set jump_ladderPushVel 128
      dvar set jump_slowdownEnable 1
      dvar set jump_spreadAdd 64
      dvar set jump_stepSize 18
      dvar set mantle_check_angle 60
      dvar set mantle_check_radius 0.1
      dvar set mantle_check_range 20
      dvar set mantle_debug 0
      dvar set mantle_enable 1
      dvar set mantle_view_yawcap 60
      dvar set player_adsExitDelay 0
      dvar set player_backSpeedScale 0.7
      dvar set player_breath_fire_delay 0
      dvar set player_breath_gasp_lerp 6
      dvar set player_breath_gasp_scale 4.5
      dvar set player_breath_gasp_time 1
      dvar set player_breath_hold_lerp 1
      dvar set player_breath_hold_time 4.5
      dvar set player_breath_snd_delay 1
      dvar set player_breath_snd_lerp 2
      dvar set player_debugHealth 0
      dvar set player_dmgtimer_flinchTime 500
      dvar set player_dmgtimer_maxTime 750
      dvar set player_dmgtimer_minScale 0
      dvar set player_dmgtimer_stumbleTime 500
      dvar set player_dmgtimer_timePerPoint 100
      dvar set player_footstepsThreshhold 0
      dvar set player_lean_rotate_crouch_left 0.8
      dvar set player_lean_rotate_crouch_right 0.3
      dvar set player_lean_rotate_left 0.8
      dvar set player_lean_rotate_right 0.4
      dvar set player_lean_shift_crouch_left 4
      dvar set player_lean_shift_crouch_right 15
      dvar set player_lean_shift_left 5
      dvar set player_lean_shift_right 9
      dvar set player_moveThreshhold 10
      dvar set player_scopeExitOnDamage 0
      dvar set player_spectateSpeedScale 1
      dvar set player_sprintCameraBob 0.5
      dvar set player_sprintForwardMinimum 105
      dvar set player_sprintMinTime 1
      dvar set player_sprintRechargePause 0
      dvar set player_sprintSpeedScale 1.5
      dvar set player_sprintStrafeSpeedScale 0.667
      dvar set player_sprintTime 4
      dvar set player_strafeAnimCosAngle 0.5
      dvar set player_strafeSpeedScale 0.8
      dvar set player_turnAnims 0
      dvar set player_view_pitch_down 85
      dvar set player_view_pitch_up 85
      dvar set scr_allies usmc
      dvar set scr_axis arab
      dvar set stopspeed 100
      dvar set ui_allowvote 0
      dvar set ui_bomb_timer 0
      dvar set ui_friendlyfire 0
      dvar set ui_hostname CoD4Host
      dvar set ui_motd 
      dvar set ui_scorelimit 0
      dvar set ui_timelimit 1.75
LOADING... collision map
LOADING... graphics
LOADING... maps/mp/mp_crash.d3dbsp
      dvar set r_lightTweakAmbient 0.02
      dvar set r_lightTweakDiffuseFraction 0.5
      dvar set r_lightTweakSunLight 1.3
      dvar set r_lightTweakAmbientColor 0.8 0.901961 1 1
      dvar set r_lightTweakSunColor 1 0.921569 0.878431 1
      dvar set r_lightTweakSunDiffuseColor 1 0.976471 0.835294 1
      dvar set r_lightTweakSunDirection -50 240 0
      dvar set r_lightTweakDiffuseFraction 0.5
LOADING... game media
LOADING...  - textures
LOADING...  - models
LOADING...  - items
LOADING...  - inline models
LOADING...  - server models
      dvar set bg_shock_screenType blurred
      dvar set bg_shock_screenBlurBlendTime 0.4
      dvar set bg_shock_screenBlurBlendFadeTime 1
      dvar set bg_shock_screenFlashWhiteFadeTime 1
      dvar set bg_shock_screenFlashShotFadeTime 1
      dvar set bg_shock_viewKickPeriod 0.75
      dvar set bg_shock_viewKickRadius 0.05
      dvar set bg_shock_viewKickFadeTime 3
      dvar set bg_shock_soundLoop shellshock_loop
      dvar set bg_shock_soundLoopSilent shellshock_loop_silent
      dvar set bg_shock_soundEnd shellshock_end
      dvar set bg_shock_soundEndAbort shellshock_end_abort
      dvar set bg_shock_sound 1
      dvar set bg_shock_soundFadeInTime 0.25
      dvar set bg_shock_soundFadeOutTime 2.5
      dvar set bg_shock_soundLoopFadeTime 1.5
      dvar set bg_shock_soundLoopEndDelay -3
      dvar set bg_shock_soundRoomType generic
      dvar set bg_shock_soundDryLevel 1
      dvar set bg_shock_soundWetLevel 0.5
      dvar set bg_shock_soundModEndDelay 2
      dvar set bg_shock_lookControl 1
      dvar set bg_shock_lookControl_maxpitchspeed 90
      dvar set bg_shock_lookControl_maxyawspeed 90
      dvar set bg_shock_lookControl_mousesensitivityscale 0.5
      dvar set bg_shock_lookControl_fadeTime 2
      dvar set bg_shock_movement 1
      dvar set bg_shock_volume_physics 0.5
      dvar set bg_shock_volume_auto 0.5
      dvar set bg_shock_volume_auto2 0.5
      dvar set bg_shock_volume_autodog 0.5
      dvar set bg_shock_volume_bulletimpact 0.5
      dvar set bg_shock_volume_bulletwhizby 0.5
      dvar set bg_shock_volume_element 0.5
      dvar set bg_shock_volume_auto2d 0.5
      dvar set bg_shock_volume_vehicle 0.5
      dvar set bg_shock_volume_vehiclelimited 0.5
      dvar set bg_shock_volume_menu 0.5
      dvar set bg_shock_volume_body 0.5
      dvar set bg_shock_volume_body2d 0.5
      dvar set bg_shock_volume_reload 0.5
      dvar set bg_shock_volume_reload2d 0.5
      dvar set bg_shock_volume_item 0.5
      dvar set bg_shock_volume_effects1 0.5
      dvar set bg_shock_volume_effects2 0.5
      dvar set bg_shock_volume_weapon 0.5
      dvar set bg_shock_volume_weapon2d 0.5
      dvar set bg_shock_volume_nonshock 0.5
      dvar set bg_shock_volume_voice 0.5
      dvar set bg_shock_volume_local 0.5
      dvar set bg_shock_volume_local2 0.5
      dvar set bg_shock_volume_ambient 0.5
      dvar set bg_shock_volume_hurt 0.5
      dvar set bg_shock_volume_player1 0.5
      dvar set bg_shock_volume_player2 0.5
      dvar set bg_shock_volume_music 0.5
      dvar set bg_shock_volume_musicnopause 0.5
      dvar set bg_shock_volume_mission 0.5
      dvar set bg_shock_volume_announcer 0.5
      dvar set bg_shock_volume_shellshock 0.5
      dvar set bg_shock_screenType flashed
      dvar set bg_shock_screenBlurBlendTime 0.4
      dvar set bg_shock_screenBlurBlendFadeTime 1
      dvar set bg_shock_screenFlashWhiteFadeTime 3.5
      dvar set bg_shock_screenFlashShotFadeTime 1
      dvar set bg_shock_viewKickPeriod 0.75
      dvar set bg_shock_viewKickRadius 0.05
      dvar set bg_shock_viewKickFadeTime 3
      dvar set bg_shock_sound 1
      dvar set bg_shock_soundLoop flashbang_tinnitus_loop
      dvar set bg_shock_soundLoopSilent flashbang_tinnitus_loop_silent
      dvar set bg_shock_soundEnd flashbang_tinnitus_end
      dvar set bg_shock_soundEndAbort flashbang_tinnitus_abort
      dvar set bg_shock_soundFadeInTime 0.25
      dvar set bg_shock_soundFadeOutTime 2
      dvar set bg_shock_soundModEndDelay 1.5
      dvar set bg_shock_soundLoopFadeTime 2
      dvar set bg_shock_soundLoopEndDelay 2
      dvar set bg_shock_soundRoomType underwater
      dvar set bg_shock_soundDryLevel 0.6
      dvar set bg_shock_soundWetLevel 0.8
      dvar set bg_shock_volume_physics 0.05
      dvar set bg_shock_volume_auto 0.05
      dvar set bg_shock_volume_auto2 0.05
      dvar set bg_shock_volume_autodog 0.05
      dvar set bg_shock_volume_bulletimpact 0.05
      dvar set bg_shock_volume_bulletwhizby 0.05
      dvar set bg_shock_volume_element 0.05
      dvar set bg_shock_volume_auto2d 0.05
      dvar set bg_shock_volume_vehicle 0.05
      dvar set bg_shock_volume_vehiclelimited 0.05
      dvar set bg_shock_volume_menu 1
      dvar set bg_shock_volume_body 0.05
      dvar set bg_shock_volume_body2d 0.05
      dvar set bg_shock_volume_reload 0.05
      dvar set bg_shock_volume_reload2d 0.05
      dvar set bg_shock_volume_item 0.05
      dvar set bg_shock_volume_effects1 0.05
      dvar set bg_shock_volume_effects2 0.05
      dvar set bg_shock_volume_weapon 0.1
      dvar set bg_shock_volume_weapon2d 0.05
      dvar set bg_shock_volume_nonshock 1
      dvar set bg_shock_volume_voice 0.05
      dvar set bg_shock_volume_local 0.05
      dvar set bg_shock_volume_local2 0.05
      dvar set bg_shock_volume_ambient 1
      dvar set bg_shock_volume_hurt 0.3
      dvar set bg_shock_volume_player1 0.3
      dvar set bg_shock_volume_player2 0.3
      dvar set bg_shock_volume_music 0.3
      dvar set bg_shock_volume_musicnopause 0.3
      dvar set bg_shock_volume_mission 0.05
      dvar set bg_shock_volume_announcer 1
      dvar set bg_shock_volume_shellshock 1
      dvar set bg_shock_lookControl 0
      dvar set bg_shock_lookControl_maxpitchspeed 90
      dvar set bg_shock_lookControl_maxyawspeed 90
      dvar set bg_shock_lookControl_mousesensitivityscale 0.5
      dvar set bg_shock_lookControl_fadeTime 2
      dvar set bg_shock_movement 0
      dvar set bg_shock_screenType blurred
      dvar set bg_shock_screenBlurBlendTime 0.4
      dvar set bg_shock_screenBlurBlendFadeTime 1
      dvar set bg_shock_screenFlashWhiteFadeTime 1
      dvar set bg_shock_screenFlashShotFadeTime 1
      dvar set bg_shock_viewKickPeriod 0.75
      dvar set bg_shock_viewKickRadius 0.05
      dvar set bg_shock_viewKickFadeTime 3
      dvar set bg_shock_soundLoop shellshock_loop
      dvar set bg_shock_soundLoopSilent shellshock_loop_silent
      dvar set bg_shock_soundEnd shellshock_end
      dvar set bg_shock_soundEndAbort shellshock_end_abort
      dvar set bg_shock_sound 1
      dvar set bg_shock_soundFadeInTime 0.25
      dvar set bg_shock_soundFadeOutTime 2.5
      dvar set bg_shock_soundLoopFadeTime 1.5
      dvar set bg_shock_soundLoopEndDelay -3
      dvar set bg_shock_soundRoomType generic
      dvar set bg_shock_soundDryLevel 1
      dvar set bg_shock_soundWetLevel 0.5
      dvar set bg_shock_soundModEndDelay 2
      dvar set bg_shock_lookControl 1
      dvar set bg_shock_lookControl_maxpitchspeed 90
      dvar set bg_shock_lookControl_maxyawspeed 90
      dvar set bg_shock_lookControl_mousesensitivityscale 0.5
      dvar set bg_shock_lookControl_fadeTime 2
      dvar set bg_shock_movement 1
      dvar set bg_shock_volume_physics 0.5
      dvar set bg_shock_volume_auto 0.5
      dvar set bg_shock_volume_auto2 0.5
      dvar set bg_shock_volume_autodog 0.5
      dvar set bg_shock_volume_bulletimpact 0.5
      dvar set bg_shock_volume_bulletwhizby 0.5
      dvar set bg_shock_volume_element 0.5
      dvar set bg_shock_volume_auto2d 0.5
      dvar set bg_shock_volume_vehicle 0.5
      dvar set bg_shock_volume_vehiclelimited 0.5
      dvar set bg_shock_volume_menu 0.5
      dvar set bg_shock_volume_body 0.5
      dvar set bg_shock_volume_body2d 0.5
      dvar set bg_shock_volume_reload 0.5
      dvar set bg_shock_volume_reload2d 0.5
      dvar set bg_shock_volume_item 0.5
      dvar set bg_shock_volume_effects1 0.5
      dvar set bg_shock_volume_effects2 0.5
      dvar set bg_shock_volume_weapon 0.5
      dvar set bg_shock_volume_weapon2d 0.5
      dvar set bg_shock_volume_nonshock 0.5
      dvar set bg_shock_volume_voice 0.5
      dvar set bg_shock_volume_local 0.5
      dvar set bg_shock_volume_local2 0.5
      dvar set bg_shock_volume_ambient 0.5
      dvar set bg_shock_volume_hurt 0.5
      dvar set bg_shock_volume_player1 0.5
      dvar set bg_shock_volume_player2 0.5
      dvar set bg_shock_volume_music 0.5
      dvar set bg_shock_volume_musicnopause 0.5
      dvar set bg_shock_volume_mission 0.5
      dvar set bg_shock_volume_announcer 0.5
      dvar set bg_shock_volume_shellshock 0.5
      dvar set bg_shock_screenType blurred
      dvar set bg_shock_screenBlurBlendTime 0.4
      dvar set bg_shock_screenBlurBlendFadeTime 1
      dvar set bg_shock_screenFlashWhiteFadeTime 0
      dvar set bg_shock_screenFlashShotFadeTime 0
      dvar set bg_shock_viewKickPeriod 0.75
      dvar set bg_shock_viewKickRadius 0.05
      dvar set bg_shock_viewKickFadeTime 1.5
      dvar set bg_shock_sound 0
      dvar set bg_shock_soundLoop shellshock_loop
      dvar set bg_shock_soundLoopSilent shellshock_loop_silent
      dvar set bg_shock_soundEnd shellshock_end
      dvar set bg_shock_soundEndAbort shellshock_end_abort
      dvar set bg_shock_soundFadeInTime 0.25
      dvar set bg_shock_soundFadeOutTime 2.5
      dvar set bg_shock_soundLoopFadeTime 2
      dvar set bg_shock_soundLoopEndDelay -1.5
      dvar set bg_shock_soundRoomType underwater
      dvar set bg_shock_soundDryLevel 1
      dvar set bg_shock_soundWetLevel 0.5
      dvar set bg_shock_soundModEndDelay -0.75
      dvar set bg_shock_volume_physics 0.1
      dvar set bg_shock_volume_auto 0.1
      dvar set bg_shock_volume_auto2 0.1
      dvar set bg_shock_volume_autodog 0.1
      dvar set bg_shock_volume_bulletimpact 0.1
      dvar set bg_shock_volume_bulletwhizby 0.1
      dvar set bg_shock_volume_element 0.1
      dvar set bg_shock_volume_auto2d 0.1
      dvar set bg_shock_volume_vehicle 0.1
      dvar set bg_shock_volume_vehiclelimited 0.1
      dvar set bg_shock_volume_menu 1
      dvar set bg_shock_volume_body 0.1
      dvar set bg_shock_volume_body2d 0.1
      dvar set bg_shock_volume_reload 0.1
      dvar set bg_shock_volume_reload2d 0.1
      dvar set bg_shock_volume_item 0.1
      dvar set bg_shock_volume_effects1 0.1
      dvar set bg_shock_volume_effects2 0.1
      dvar set bg_shock_volume_weapon 0.5
      dvar set bg_shock_volume_weapon2d 0.1
      dvar set bg_shock_volume_nonshock 0.5
      dvar set bg_shock_volume_voice 0.2
      dvar set bg_shock_volume_local 0.1
      dvar set bg_shock_volume_local2 0.1
      dvar set bg_shock_volume_ambient 0.1
      dvar set bg_shock_volume_hurt 0.1
      dvar set bg_shock_volume_player1 0.1
      dvar set bg_shock_volume_player2 0.1
      dvar set bg_shock_volume_music 0.1
      dvar set bg_shock_volume_musicnopause 0.1
      dvar set bg_shock_volume_mission 0.2
      dvar set bg_shock_volume_announcer 1
      dvar set bg_shock_volume_shellshock 1
      dvar set bg_shock_lookControl 0
      dvar set bg_shock_lookControl_maxpitchspeed 90
      dvar set bg_shock_lookControl_maxyawspeed 90
      dvar set bg_shock_lookControl_mousesensitivityscale 0.5
      dvar set bg_shock_lookControl_fadeTime 2
      dvar set bg_shock_movement 1
      dvar set bg_shock_screenType blurred
      dvar set bg_shock_screenBlurBlendTime 0.4
      dvar set bg_shock_screenBlurBlendFadeTime 1
      dvar set bg_shock_screenFlashWhiteFadeTime 1
      dvar set bg_shock_screenFlashShotFadeTime 1
      dvar set bg_shock_viewKickPeriod 0.75
      dvar set bg_shock_viewKickRadius 0.05
      dvar set bg_shock_viewKickFadeTime 3
      dvar set bg_shock_soundLoop shellshock_loop
      dvar set bg_shock_soundLoopSilent shellshock_loop_silent
      dvar set bg_shock_soundEnd shellshock_end
      dvar set bg_shock_soundEndAbort shellshock_end_abort
      dvar set bg_shock_sound 1
      dvar set bg_shock_soundFadeInTime 0.25
      dvar set bg_shock_soundFadeOutTime 2.5
      dvar set bg_shock_soundLoopFadeTime 1.5
      dvar set bg_shock_soundLoopEndDelay -3
      dvar set bg_shock_soundRoomType generic
      dvar set bg_shock_soundDryLevel 1
      dvar set bg_shock_soundWetLevel 0.5
      dvar set bg_shock_soundModEndDelay 2
      dvar set bg_shock_lookControl 1
      dvar set bg_shock_lookControl_maxpitchspeed 90
      dvar set bg_shock_lookControl_maxyawspeed 90
      dvar set bg_shock_lookControl_mousesensitivityscale 0.5
      dvar set bg_shock_lookControl_fadeTime 2
      dvar set bg_shock_movement 1
      dvar set bg_shock_volume_physics 0.5
      dvar set bg_shock_volume_auto 0.5
      dvar set bg_shock_volume_auto2 0.5
      dvar set bg_shock_volume_autodog 0.5
      dvar set bg_shock_volume_bulletimpact 0.5
      dvar set bg_shock_volume_bulletwhizby 0.5
      dvar set bg_shock_volume_element 0.5
      dvar set bg_shock_volume_auto2d 0.5
      dvar set bg_shock_volume_vehicle 0.5
      dvar set bg_shock_volume_vehiclelimited 0.5
      dvar set bg_shock_volume_menu 0.5
      dvar set bg_shock_volume_body 0.5
      dvar set bg_shock_volume_body2d 0.5
      dvar set bg_shock_volume_reload 0.5
      dvar set bg_shock_volume_reload2d 0.5
      dvar set bg_shock_volume_item 0.5
      dvar set bg_shock_volume_effects1 0.5
      dvar set bg_shock_volume_effects2 0.5
      dvar set bg_shock_volume_weapon 0.5
      dvar set bg_shock_volume_weapon2d 0.5
      dvar set bg_shock_volume_nonshock 0.5
      dvar set bg_shock_volume_voice 0.5
      dvar set bg_shock_volume_local 0.5
      dvar set bg_shock_volume_local2 0.5
      dvar set bg_shock_volume_ambient 0.5
      dvar set bg_shock_volume_hurt 0.5
      dvar set bg_shock_volume_player1 0.5
      dvar set bg_shock_volume_player2 0.5
      dvar set bg_shock_volume_music 0.5
      dvar set bg_shock_volume_musicnopause 0.5
      dvar set bg_shock_volume_mission 0.5
      dvar set bg_shock_volume_announcer 0.5
      dvar set bg_shock_volume_shellshock 0.5
      dvar set bg_shock_screenType blurred
      dvar set bg_shock_screenBlurBlendTime 0.4
      dvar set bg_shock_screenBlurBlendFadeTime 1
      dvar set bg_shock_screenFlashWhiteFadeTime 0
      dvar set bg_shock_screenFlashShotFadeTime 0
      dvar set bg_shock_viewKickPeriod 0.001
      dvar set bg_shock_viewKickRadius 0
      dvar set bg_shock_viewKickFadeTime 0.001
      dvar set bg_shock_sound 0
      dvar set bg_shock_soundLoop shellshock_loop
      dvar set bg_shock_soundLoopSilent shellshock_loop_silent
      dvar set bg_shock_soundEnd shellshock_end
      dvar set bg_shock_soundEndAbort shellshock_end_abort
      dvar set bg_shock_soundFadeInTime 0.25
      dvar set bg_shock_soundFadeOutTime 2.5
      dvar set bg_shock_soundLoopFadeTime 2
      dvar set bg_shock_soundLoopEndDelay -1.5
      dvar set bg_shock_soundRoomType underwater
      dvar set bg_shock_soundDryLevel 1
      dvar set bg_shock_soundWetLevel 0.5
      dvar set bg_shock_soundModEndDelay -0.75
      dvar set bg_shock_volume_physics 0.1
      dvar set bg_shock_volume_auto 0.1
      dvar set bg_shock_volume_auto2 0.1
      dvar set bg_shock_volume_autodog 0.1
      dvar set bg_shock_volume_bulletimpact 0.1
      dvar set bg_shock_volume_bulletwhizby 0.1
      dvar set bg_shock_volume_element 0.1
      dvar set bg_shock_volume_auto2d 0.1
      dvar set bg_shock_volume_vehicle 0.1
      dvar set bg_shock_volume_vehiclelimited 0.1
      dvar set bg_shock_volume_menu 1
      dvar set bg_shock_volume_body 0.1
      dvar set bg_shock_volume_body2d 0.1
      dvar set bg_shock_volume_reload 0.1
      dvar set bg_shock_volume_reload2d 0.1
      dvar set bg_shock_volume_item 0.1
      dvar set bg_shock_volume_effects1 0.1
      dvar set bg_shock_volume_effects2 0.1
      dvar set bg_shock_volume_weapon 0.5
      dvar set bg_shock_volume_weapon2d 0.1
      dvar set bg_shock_volume_nonshock 0.5
      dvar set bg_shock_volume_voice 0.2
      dvar set bg_shock_volume_local 0.1
      dvar set bg_shock_volume_local2 0.1
      dvar set bg_shock_volume_ambient 0.1
      dvar set bg_shock_volume_hurt 0.1
      dvar set bg_shock_volume_player1 0.1
      dvar set bg_shock_volume_player2 0.1
      dvar set bg_shock_volume_music 0.1
      dvar set bg_shock_volume_musicnopause 0.1
      dvar set bg_shock_volume_mission 0.2
      dvar set bg_shock_volume_announcer 1
      dvar set bg_shock_volume_shellshock 1
      dvar set bg_shock_lookControl 1
      dvar set bg_shock_lookControl_maxpitchspeed 35
      dvar set bg_shock_lookControl_maxyawspeed 35
      dvar set bg_shock_lookControl_mousesensitivityscale 0.1
      dvar set bg_shock_lookControl_fadeTime 2
      dvar set bg_shock_movement 1
      dvar set bg_shock_screenType blurred
      dvar set bg_shock_screenBlurBlendTime 0.4
      dvar set bg_shock_screenBlurBlendFadeTime 1
      dvar set bg_shock_screenFlashWhiteFadeTime 1
      dvar set bg_shock_screenFlashShotFadeTime 1
      dvar set bg_shock_viewKickPeriod 0.75
      dvar set bg_shock_viewKickRadius 0.05
      dvar set bg_shock_viewKickFadeTime 3
      dvar set bg_shock_soundLoop shellshock_loop
      dvar set bg_shock_soundLoopSilent shellshock_loop_silent
      dvar set bg_shock_soundEnd shellshock_end
      dvar set bg_shock_soundEndAbort shellshock_end_abort
      dvar set bg_shock_sound 1
      dvar set bg_shock_soundFadeInTime 0.25
      dvar set bg_shock_soundFadeOutTime 2.5
      dvar set bg_shock_soundLoopFadeTime 1.5
      dvar set bg_shock_soundLoopEndDelay -3
      dvar set bg_shock_soundRoomType generic
      dvar set bg_shock_soundDryLevel 1
      dvar set bg_shock_soundWetLevel 0.5
      dvar set bg_shock_soundModEndDelay 2
      dvar set bg_shock_lookControl 1
      dvar set bg_shock_lookControl_maxpitchspeed 90
      dvar set bg_shock_lookControl_maxyawspeed 90
      dvar set bg_shock_lookControl_mousesensitivityscale 0.5
      dvar set bg_shock_lookControl_fadeTime 2
      dvar set bg_shock_movement 1
      dvar set bg_shock_volume_physics 0.5
      dvar set bg_shock_volume_auto 0.5
      dvar set bg_shock_volume_auto2 0.5
      dvar set bg_shock_volume_autodog 0.5
      dvar set bg_shock_volume_bulletimpact 0.5
      dvar set bg_shock_volume_bulletwhizby 0.5
      dvar set bg_shock_volume_element 0.5
      dvar set bg_shock_volume_auto2d 0.5
      dvar set bg_shock_volume_vehicle 0.5
      dvar set bg_shock_volume_vehiclelimited 0.5
      dvar set bg_shock_volume_menu 0.5
      dvar set bg_shock_volume_body 0.5
      dvar set bg_shock_volume_body2d 0.5
      dvar set bg_shock_volume_reload 0.5
      dvar set bg_shock_volume_reload2d 0.5
      dvar set bg_shock_volume_item 0.5
      dvar set bg_shock_volume_effects1 0.5
      dvar set bg_shock_volume_effects2 0.5
      dvar set bg_shock_volume_weapon 0.5
      dvar set bg_shock_volume_weapon2d 0.5
      dvar set bg_shock_volume_nonshock 0.5
      dvar set bg_shock_volume_voice 0.5
      dvar set bg_shock_volume_local 0.5
      dvar set bg_shock_volume_local2 0.5
      dvar set bg_shock_volume_ambient 0.5
      dvar set bg_shock_volume_hurt 0.5
      dvar set bg_shock_volume_player1 0.5
      dvar set bg_shock_volume_player2 0.5
      dvar set bg_shock_volume_music 0.5
      dvar set bg_shock_volume_musicnopause 0.5
      dvar set bg_shock_volume_mission 0.5
      dvar set bg_shock_volume_announcer 0.5
      dvar set bg_shock_volume_shellshock 0.5
      dvar set bg_shock_screenType blurred
      dvar set bg_shock_screenBlurBlendTime 0.4
      dvar set bg_shock_screenBlurBlendFadeTime 1
      dvar set bg_shock_screenFlashWhiteFadeTime 0
      dvar set bg_shock_screenFlashShotFadeTime 0
      dvar set bg_shock_viewKickPeriod 0.75
      dvar set bg_shock_viewKickRadius 0.05
      dvar set bg_shock_viewKickFadeTime 3
      dvar set bg_shock_sound 1
      dvar set bg_shock_soundLoop shellshock_loop
      dvar set bg_shock_soundLoopSilent shellshock_loop_silent
      dvar set bg_shock_soundEnd shellshock_end
      dvar set bg_shock_soundEndAbort shellshock_end_abort
      dvar set bg_shock_soundFadeInTime 0.25
      dvar set bg_shock_soundFadeOutTime 2.5
      dvar set bg_shock_soundLoopFadeTime 2
      dvar set bg_shock_soundLoopEndDelay -1.5
      dvar set bg_shock_soundRoomType underwater
      dvar set bg_shock_soundDryLevel 1
      dvar set bg_shock_soundWetLevel 0.5
      dvar set bg_shock_soundModEndDelay -0.75
      dvar set bg_shock_volume_physics 0.1
      dvar set bg_shock_volume_auto 0.1
      dvar set bg_shock_volume_auto2 0.1
      dvar set bg_shock_volume_autodog 0.1
      dvar set bg_shock_volume_bulletimpact 0.1
      dvar set bg_shock_volume_bulletwhizby 0.1
      dvar set bg_shock_volume_element 0.1
      dvar set bg_shock_volume_auto2d 0.1
      dvar set bg_shock_volume_vehicle 0.1
      dvar set bg_shock_volume_vehiclelimited 0.1
      dvar set bg_shock_volume_menu 1
      dvar set bg_shock_volume_body 0.1
      dvar set bg_shock_volume_body2d 0.1
      dvar set bg_shock_volume_reload 0.1
      dvar set bg_shock_volume_reload2d 0.1
      dvar set bg_shock_volume_item 0.1
      dvar set bg_shock_volume_effects1 0.1
      dvar set bg_shock_volume_effects2 0.1
      dvar set bg_shock_volume_weapon 0.5
      dvar set bg_shock_volume_weapon2d 0.1
      dvar set bg_shock_volume_nonshock 0.5
      dvar set bg_shock_volume_voice 0.2
      dvar set bg_shock_volume_local 0.1
      dvar set bg_shock_volume_local2 0.1
      dvar set bg_shock_volume_ambient 0.1
      dvar set bg_shock_volume_hurt 0.1
      dvar set bg_shock_volume_player1 0.1
      dvar set bg_shock_volume_player2 0.1
      dvar set bg_shock_volume_music 0.1
      dvar set bg_shock_volume_musicnopause 0.1
      dvar set bg_shock_volume_mission 0.2
      dvar set bg_shock_volume_announcer 1
      dvar set bg_shock_volume_shellshock 1
      dvar set bg_shock_lookControl 1
      dvar set bg_shock_lookControl_maxpitchspeed 45
      dvar set bg_shock_lookControl_maxyawspeed 45
      dvar set bg_shock_lookControl_mousesensitivityscale 0.5
      dvar set bg_shock_lookControl_fadeTime 2
      dvar set bg_shock_movement 1
      dvar set bg_shock_screenType blurred
      dvar set bg_shock_screenBlurBlendTime 0.4
      dvar set bg_shock_screenBlurBlendFadeTime 1
      dvar set bg_shock_screenFlashWhiteFadeTime 1
      dvar set bg_shock_screenFlashShotFadeTime 1
      dvar set bg_shock_viewKickPeriod 0.75
      dvar set bg_shock_viewKickRadius 0.05
      dvar set bg_shock_viewKickFadeTime 3
      dvar set bg_shock_soundLoop shellshock_loop
      dvar set bg_shock_soundLoopSilent shellshock_loop_silent
      dvar set bg_shock_soundEnd shellshock_end
      dvar set bg_shock_soundEndAbort shellshock_end_abort
      dvar set bg_shock_sound 1
      dvar set bg_shock_soundFadeInTime 0.25
      dvar set bg_shock_soundFadeOutTime 2.5
      dvar set bg_shock_soundLoopFadeTime 1.5
      dvar set bg_shock_soundLoopEndDelay -3
      dvar set bg_shock_soundRoomType generic
      dvar set bg_shock_soundDryLevel 1
      dvar set bg_shock_soundWetLevel 0.5
      dvar set bg_shock_soundModEndDelay 2
      dvar set bg_shock_lookControl 1
      dvar set bg_shock_lookControl_maxpitchspeed 90
      dvar set bg_shock_lookControl_maxyawspeed 90
      dvar set bg_shock_lookControl_mousesensitivityscale 0.5
      dvar set bg_shock_lookControl_fadeTime 2
      dvar set bg_shock_movement 1
      dvar set bg_shock_volume_physics 0.5
      dvar set bg_shock_volume_auto 0.5
      dvar set bg_shock_volume_auto2 0.5
      dvar set bg_shock_volume_autodog 0.5
      dvar set bg_shock_volume_bulletimpact 0.5
      dvar set bg_shock_volume_bulletwhizby 0.5
      dvar set bg_shock_volume_element 0.5
      dvar set bg_shock_volume_auto2d 0.5
      dvar set bg_shock_volume_vehicle 0.5
      dvar set bg_shock_volume_vehiclelimited 0.5
      dvar set bg_shock_volume_menu 0.5
      dvar set bg_shock_volume_body 0.5
      dvar set bg_shock_volume_body2d 0.5
      dvar set bg_shock_volume_reload 0.5
      dvar set bg_shock_volume_reload2d 0.5
      dvar set bg_shock_volume_item 0.5
      dvar set bg_shock_volume_effects1 0.5
      dvar set bg_shock_volume_effects2 0.5
      dvar set bg_shock_volume_weapon 0.5
      dvar set bg_shock_volume_weapon2d 0.5
      dvar set bg_shock_volume_nonshock 0.5
      dvar set bg_shock_volume_voice 0.5
      dvar set bg_shock_volume_local 0.5
      dvar set bg_shock_volume_local2 0.5
      dvar set bg_shock_volume_ambient 0.5
      dvar set bg_shock_volume_hurt 0.5
      dvar set bg_shock_volume_player1 0.5
      dvar set bg_shock_volume_player2 0.5
      dvar set bg_shock_volume_music 0.5
      dvar set bg_shock_volume_musicnopause 0.5
      dvar set bg_shock_volume_mission 0.5
      dvar set bg_shock_volume_announcer 0.5
      dvar set bg_shock_volume_shellshock 0.5
      dvar set bg_shock_screenType blurred
      dvar set bg_shock_screenBlurBlendTime 0.001
      dvar set bg_shock_screenBlurBlendFadeTime 0.001
      dvar set bg_shock_screenFlashWhiteFadeTime 0
      dvar set bg_shock_screenFlashShotFadeTime 0
      dvar set bg_shock_viewKickPeriod 0.75
      dvar set bg_shock_viewKickRadius 0
      dvar set bg_shock_viewKickFadeTime 0.001
      dvar set bg_shock_sound 0
      dvar set bg_shock_soundLoop shellshock_loop
      dvar set bg_shock_soundLoopSilent shellshock_loop_silent
      dvar set bg_shock_soundEnd shellshock_end
      dvar set bg_shock_soundEndAbort shellshock_end_abort
      dvar set bg_shock_soundFadeInTime 0.25
      dvar set bg_shock_soundFadeOutTime 2.5
      dvar set bg_shock_soundLoopFadeTime 2
      dvar set bg_shock_soundLoopEndDelay -1.5
      dvar set bg_shock_soundRoomType generic
      dvar set bg_shock_soundDryLevel 1
      dvar set bg_shock_soundWetLevel 0.5
      dvar set bg_shock_soundModEndDelay -0.75
      dvar set bg_shock_volume_physics 0.5
      dvar set bg_shock_volume_auto 0.5
      dvar set bg_shock_volume_auto2 0.5
      dvar set bg_shock_volume_autodog 0.9
      dvar set bg_shock_volume_bulletimpact 0.5
      dvar set bg_shock_volume_bulletwhizby 0.5
      dvar set bg_shock_volume_element 0.5
      dvar set bg_shock_volume_auto2d 0.5
      dvar set bg_shock_volume_vehicle 0.1
      dvar set bg_shock_volume_vehiclelimited 0.1
      dvar set bg_shock_volume_menu 1
      dvar set bg_shock_volume_body 0.2
      dvar set bg_shock_volume_body2d 0.2
      dvar set bg_shock_volume_reload 0.2
      dvar set bg_shock_volume_reload2d 0.2
      dvar set bg_shock_volume_item 0.2
      dvar set bg_shock_volume_effects1 0.5
      dvar set bg_shock_volume_effects2 0.5
      dvar set bg_shock_volume_weapon 0.5
      dvar set bg_shock_volume_weapon2d 0.5
      dvar set bg_shock_volume_nonshock 0.5
      dvar set bg_shock_volume_voice 0.2
      dvar set bg_shock_volume_local 0.2
      dvar set bg_shock_volume_local2 0.2
      dvar set bg_shock_volume_ambient 0.2
      dvar set bg_shock_volume_hurt 0.4
      dvar set bg_shock_volume_player1 0.4
      dvar set bg_shock_volume_player2 0.4
      dvar set bg_shock_volume_music 0.5
      dvar set bg_shock_volume_musicnopause 0.5
      dvar set bg_shock_volume_mission 0.9
      dvar set bg_shock_volume_announcer 0.9
      dvar set bg_shock_volume_shellshock 1
      dvar set bg_shock_lookControl 0
      dvar set bg_shock_lookControl_maxpitchspeed 0
      dvar set bg_shock_lookControl_maxyawspeed 0
      dvar set bg_shock_lookControl_mousesensitivityscale 0
      dvar set bg_shock_lookControl_fadeTime 0.001
      dvar set bg_shock_movement 1
LOADING...  - game media done
LOADING... clients
CL_InitCGame:  0.04 seconds
Com_TouchMemory: 0 msec. Using sum: -1720018181
      dvar set con_gameMsgWindow0Filter gamenotify obituary
      dvar set con_gameMsgWindow1Filter boldgame
      dvar set con_gameMsgWindow2Filter subtitle
      dvar set con_gameMsgWindow3Filter 
Hiding channel: gamenotify
Hiding channel: obituary
Adding channel: gamenotify
Adding channel: obituary
Hiding channel: boldgame
Adding channel: boldgame
Hiding channel: subtitle
Adding channel: subtitle
No channels added or hidden
      dvar set cl_paused 0
      dvar set r_lightTweakDiffuseFraction 0.5
PunkBuster Client: Connected to Server loopback
Going from CS_CLIENTLOADING to CS_ACTIVE for Roccat#tincxD
Giving Roccat#tincxD a 999 ping - >999 calculated ping:
      dvar set allies_allow_assault 1
      dvar set allies_allow_specops 1
      dvar set allies_allow_demolitions 1
      dvar set allies_allow_sniper 1
      dvar set axis_allow_assault 1
      dvar set axis_allow_specops 1
      dvar set axis_allow_demolitions 1
      dvar set axis_allow_sniper 1
WARNING: no alias prefix defined, using default
      dvar set cl_paused 0
Playing smoke grenades at time 1550
      dvar set axis_allow_demolitions 1
      dvar set cg_thirdPerson 0
      dvar set cl_paused 0
WARNING: no alias prefix defined, using default
      dvar set cl_paused 0
      dvar set axis_allow_sniper 1
      dvar set weap_allow_smoke_grenade 0
      dvar set weap_allow_flash_grenade 0
      dvar set weap_allow_frag_grenade 0
      dvar set attach_allow_pistol_silencer 1
      dvar set attach_allow_pistol_none 1
      dvar set weap_allow_deserteaglegold 1
      dvar set weap_allow_deserteagle 1
      dvar set weap_allow_usp 1
      dvar set weap_allow_colt45 1
      dvar set cg_hudGrenadeIconMaxRangeFrag 250
      dvar set cg_drawCrosshair 1
      dvar set cg_drawSpectatorMessages 1
      dvar set ui_hud_hardcore 0
      dvar set fx_drawClouds 0
      dvar set ui_showMenuOnly 
      dvar set r_lightTweakSunLight 1.2
      dvar set aim_automelee_enabled 0
      dvar set aim_automelee_range 0
      dvar set dynEnt_active 0
      dvar set snaps 30
      dvar set cg_nopredict 0
      dvar set cg_crosshairEnemyColor 0
      dvar set sm_enable 0
      dvar set r_dlightLimit 0
      dvar set r_lodScaleRigid 1
      dvar set r_lodScaleSkinned 1
      dvar set cg_drawCrosshairNames 0
      dvar set cg_descriptiveText 0
      dvar set cg_viewZSmoothingMin 1
      dvar set cg_viewZSmoothingMax 16
      dvar set cg_viewZSmoothingTime 0.1
      dvar set cg_hudDamageIconHeight 64
      dvar set cg_hudDamageIconWidth 128
      dvar set cg_hudDamageIconInScope 0
      dvar set cg_hudDamageIconOffset 128
      dvar set cg_hudDamageIconTime 2000
      dvar set ragdoll_enable 0
      dvar set r_filmTweakInvert 0
      dvar set r_desaturation 0
      dvar set r_dlightLimit 0
      dvar set r_fog 0
      dvar set r_specularColorScale 0
      dvar set r_zFeather 0
      dvar set fx_drawClouds 0
      dvar set rate 25000
      dvar set cl_maxpackets 100
      dvar set developer 0
      dvar set phys_gravity -800
      dvar set r_normalMap Flat
      dvar set r_texFilterDisable 0
      dvar set r_filmUseTweaks 0
      dvar set r_blur 0
      dvar set cg_fovScale 1.125
      dvar set allies_allow_assault 1
      dvar set allies_allow_specops 1
      dvar set allies_allow_demolitions 1
      dvar set allies_allow_sniper 1
      dvar set axis_allow_assault 1
      dvar set axis_allow_specops 1
      dvar set axis_allow_demolitions 1
      dvar set axis_allow_sniper 1
      dvar set cl_ingame 1
      dvar set r_lightTweakDiffuseFraction 0.542373
      dvar set r_lightTweakDiffuseFraction 0.542373
      dvar set weap_allow_beretta 1
      dvar set loadout_curclass 
      dvar set g_compassShowEnemies 0
      dvar set cg_scoreboardHeight 435
      dvar set axis_allow_assault 1
      dvar set axis_allow_specops 1
      dvar set axis_allow_demolitions 1
      dvar set axis_allow_sniper 0
      dvar set weap_allow_m40a3 1
      dvar set weap_allow_remington700 1
      dvar set axis_allow_assault 1
      dvar set axis_allow_specops 1
      dvar set axis_allow_demolitions 1
      dvar set axis_allow_sniper 0
      dvar set loadout_curclass sniper
      dvar set cl_paused 0
]/give knife_mp
      dvar set cl_paused 0
      dvar set cl_paused 0
      dvar set self_alive 1
      dvar set opposing_alive 0
      dvar set cl_paused 0
quitting...
----- CL_Shutdown -----
      dvar set sv_disableClientConsole 0
-----------------------
----- Server Shutdown -----
==== ShutdownGame (1) ====
0:Roccat#tincxD EXE_DISCONNECTED
      dvar set sv_running 0
---------------------------
Unloaded fastfile mp_crash
Unloaded fastfile mp_crash_load
Unloaded fastfile localized_common_mp
Unloaded fastfile common_mp
Unloaded fastfile mod
Unloaded fastfile localized_code_post_gfx_mp
Unloaded fastfile code_post_gfx_mp
