  0:00 ------------------------------------------------------------
  0:00 InitGame: \fs_game\mods/raw-promoduntitled\g_compassShowEnemies\0\g_gametype\sd\gamename\Call of Duty 4\mapname\mp_crash\protocol\6\shortversion\1.7\sv_allowAnonymous\0\sv_disableClientConsole\0\sv_floodprotect\4\sv_hostname\CoD4Host\sv_maxclients\24\sv_maxPing\0\sv_maxRate\25000\sv_minPing\0\sv_privateClients\0\sv_punkbuster\0\sv_pure\1\sv_voice\1\ui_maxclients\32\version\CoD4 MP 17.9 win_mingw-x86 Feb 27 2019
  0:00 ShutdownGame:
  0:00 ------------------------------------------------------------
  0:00 ------------------------------------------------------------
  0:00 InitGame: \fs_game\mods/raw-promoduntitled\g_compassShowEnemies\0\g_gametype\sd\gamename\Call of Duty 4\mapname\mp_crash\protocol\6\shortversion\1.7\sv_allowAnonymous\0\sv_disableClientConsole\0\sv_floodprotect\4\sv_hostname\CoD4Host\sv_maxclients\24\sv_maxPing\0\sv_maxRate\25000\sv_minPing\0\sv_privateClients\0\sv_punkbuster\0\sv_pure\1\sv_voice\0\ui_maxclients\32\version\CoD4 MP 17.9 win_mingw-x86 Feb 27 2019
  0:01 J;;0;Koreninc
  1:13 D;;0;allies;Koreninc;;-1;world;;none;22;MOD_FALLING;none
  1:34 D;;0;allies;Koreninc;;-1;world;;none;9;MOD_FALLING;none
  2:00 ShutdownGame:
  2:00 ------------------------------------------------------------
  2:00 ------------------------------------------------------------
  2:00 InitGame: \fs_game\mods/raw-promoduntitled\g_compassShowEnemies\0\g_gametype\sd\gamename\Call of Duty 4\mapname\mp_crash\protocol\6\shortversion\1.7\sv_allowAnonymous\0\sv_disableClientConsole\0\sv_floodprotect\4\sv_hostname\CoD4Host\sv_maxclients\24\sv_maxPing\0\sv_maxRate\25000\sv_minPing\0\sv_privateClients\0\sv_punkbuster\0\sv_pure\1\sv_voice\0\ui_maxclients\32\version\CoD4 MP 17.9 win_mingw-x86 Feb 27 2019
  2:00 J;;0;Koreninc
  2:27 D;;0;allies;Koreninc;;-1;world;;none;24;MOD_FALLING;none
  3:22 D;;0;allies;Koreninc;;-1;world;;none;9;MOD_FALLING;none
  3:49 ShutdownGame:
  3:49 ------------------------------------------------------------
  3:49 ------------------------------------------------------------
  3:49 InitGame: \fs_game\mods/raw-promoduntitled\g_compassShowEnemies\0\g_gametype\sd\gamename\Call of Duty 4\mapname\mp_crash\protocol\6\shortversion\1.7\sv_allowAnonymous\0\sv_disableClientConsole\0\sv_floodprotect\4\sv_hostname\CoD4Host\sv_maxclients\24\sv_maxPing\0\sv_maxRate\25000\sv_minPing\0\sv_privateClients\0\sv_punkbuster\0\sv_pure\1\sv_voice\0\ui_maxclients\32\version\CoD4 MP 17.9 win_mingw-x86 Feb 27 2019
  3:50 J;;0;Koreninc
  4:08 ShutdownGame:
  4:08 ------------------------------------------------------------
